Default global: directed => digraph
Default global: driver => /usr/local/bin/dot
Default global: format => svg
Default global: label => ->
Default global: name => Perl
Default global: record_shape => Mrecord
Default global: strict => 0
Default global: subgraph => HASH(0x1fb2d00)
Default global: timeout => 10
Default graph: label => json.1.bnf, rankdir => TB
Default node: shape => rectangle, style => filled
Default edge: color => grey
Added node: "json" [ fillcolor="lightgreen" label="{:start|json}" shape="Mrecord" ]
Added node: "꞉discard" [ fillcolor="lightblue" label="꞉discard" ]
Added edge: "json" -> "꞉discard" [ label="" ]
Added node: "whitespace" [ fillcolor="lightblue" label="whitespace" ]
Added edge: "꞉discard" -> "whitespace" [ label="" ]
Added node: "object" [ fillcolor="white" label="object" ]
Added edge: "json" -> "object" [ label="" ]
Added node: "array" [ fillcolor="white" label="array" ]
Added edge: "json" -> "array" [ label="" ]
Added node: "'{' '}'" [ fillcolor="white" label="'{' '}'" ]
Added edge: "object" -> "'{' '}'" [ label="" ]
Added node: "'{'" [ fillcolor="white" label="'{'" ]
Added edge: "'{' '}'" -> "'{'" [ label="" ]
Added node: "'}'" [ fillcolor="white" label="'}'" ]
Added edge: "'{' '}'" -> "'}'" [ label="" ]
Added node: "'{' '}'_attributes" [ fillcolor="#DAA520" label="{action =\> do_empty_object}" shape="Mrecord" ]
Added edge: "'{' '}'" -> "'{' '}'_attributes" [ label="" ]
Added node: "'{' members '}'" [ fillcolor="white" label="'{' members '}'" ]
Added edge: "object" -> "'{' members '}'" [ label="" ]
Added edge: "'{' members '}'" -> "'{'" [ label="" ]
Added node: "members" [ fillcolor="white" label="members" ]
Added edge: "'{' members '}'" -> "members" [ label="" ]
Added edge: "'{' members '}'" -> "'}'" [ label="" ]
Added node: "'{' members '}'_attributes" [ fillcolor="#DAA520" label="{action =\> do_object}" shape="Mrecord" ]
Added edge: "'{' members '}'" -> "'{' members '}'_attributes" [ label="" ]
Added node: "pair+" [ fillcolor="white" label="pair+" ]
Added edge: "members" -> "pair+" [ label="" ]
Added node: "pair+_attributes" [ fillcolor="#DAA520" label="{action =\> do_list|separator =\> comma}" shape="Mrecord" ]
Added edge: "pair+" -> "pair+_attributes" [ label="" ]
Added node: "string '꞉' value" [ fillcolor="white" label="string '꞉' value" ]
Added node: "pair"
Added edge: "pair" -> "string '꞉' value" [ label="" ]
Added node: "string" [ fillcolor="white" label="string" ]
Added edge: "string '꞉' value" -> "string" [ label="" ]
Added node: "'꞉'" [ fillcolor="white" label="'꞉'" ]
Added edge: "string '꞉' value" -> "'꞉'" [ label="" ]
Added node: "value" [ fillcolor="white" label="value" ]
Added edge: "string '꞉' value" -> "value" [ label="" ]
Added node: "string '꞉' value_attributes" [ fillcolor="#DAA520" label="{action =\> do_pair}" shape="Mrecord" ]
Added edge: "string '꞉' value" -> "string '꞉' value_attributes" [ label="" ]
Added edge: "value" -> "string" [ label="" ]
Added edge: "value" -> "object" [ label="" ]
Added node: "number" [ fillcolor="white" label="number" ]
Added edge: "value" -> "number" [ label="" ]
Added edge: "value" -> "array" [ label="" ]
Added node: "'true'" [ fillcolor="white" label="'true'" ]
Added edge: "value" -> "'true'" [ label="" ]
Added node: "'true'_attributes" [ fillcolor="#DAA520" label="{action =\> do_true}" shape="Mrecord" ]
Added edge: "'true'" -> "'true'_attributes" [ label="" ]
Added node: "'false'" [ fillcolor="white" label="'false'" ]
Added edge: "value" -> "'false'" [ label="" ]
Added node: "'false'_attributes" [ fillcolor="#DAA520" label="{action =\> do_true}" shape="Mrecord" ]
Added edge: "'false'" -> "'false'_attributes" [ label="" ]
Added node: "'null'" [ fillcolor="white" label="'null'" ]
Added edge: "value" -> "'null'" [ label="" ]
Added node: "'null'_attributes" [ fillcolor="#DAA520" label="{action =\> do_null}" shape="Mrecord" ]
Added edge: "'null'" -> "'null'_attributes" [ label="" ]
Added node: "'[' ']'" [ fillcolor="white" label="'\[' '\]'" ]
Added edge: "array" -> "'[' ']'" [ label="" ]
Added node: "'['" [ fillcolor="white" label="'\['" ]
Added edge: "'[' ']'" -> "'['" [ label="" ]
Added node: "']'" [ fillcolor="white" label="'\]'" ]
Added edge: "'[' ']'" -> "']'" [ label="" ]
Added node: "'[' ']'_attributes" [ fillcolor="#DAA520" label="{action =\> do_empty_array}" shape="Mrecord" ]
Added edge: "'[' ']'" -> "'[' ']'_attributes" [ label="" ]
Added node: "'[' elements ']'" [ fillcolor="white" label="'\[' elements '\]'" ]
Added edge: "array" -> "'[' elements ']'" [ label="" ]
Added edge: "'[' elements ']'" -> "'['" [ label="" ]
Added node: "elements" [ fillcolor="white" label="elements" ]
Added edge: "'[' elements ']'" -> "elements" [ label="" ]
Added edge: "'[' elements ']'" -> "']'" [ label="" ]
Added node: "'[' elements ']'_attributes" [ fillcolor="#DAA520" label="{action =\> do_array}" shape="Mrecord" ]
Added edge: "'[' elements ']'" -> "'[' elements ']'_attributes" [ label="" ]
Added node: "value+" [ fillcolor="white" label="value+" ]
Added edge: "elements" -> "value+" [ label="" ]
Added node: "value+_attributes" [ fillcolor="#DAA520" label="{action =\> do_list|separator =\> comma}" shape="Mrecord" ]
Added edge: "value+" -> "value+_attributes" [ label="" ]
Added node: "int" [ fillcolor="white" label="int" ]
Added edge: "number" -> "int" [ label="" ]
Added node: "int frac" [ fillcolor="white" label="int frac" ]
Added edge: "number" -> "int frac" [ label="" ]
Added edge: "int frac" -> "int" [ label="" ]
Added node: "frac" [ fillcolor="white" label="frac" ]
Added edge: "int frac" -> "frac" [ label="" ]
Added node: "int exp" [ fillcolor="white" label="int exp" ]
Added edge: "number" -> "int exp" [ label="" ]
Added edge: "int exp" -> "int" [ label="" ]
Added node: "exp" [ fillcolor="white" label="exp" ]
Added edge: "int exp" -> "exp" [ label="" ]
Added node: "int frac exp" [ fillcolor="white" label="int frac exp" ]
Added edge: "number" -> "int frac exp" [ label="" ]
Added edge: "int frac exp" -> "int" [ label="" ]
Added edge: "int frac exp" -> "frac" [ label="" ]
Added edge: "int frac exp" -> "exp" [ label="" ]
Added node: "digits" [ fillcolor="white" label="digits" ]
Added edge: "int" -> "digits" [ label="" ]
Added node: "'-' digits" [ fillcolor="white" label="'-' digits" ]
Added edge: "int" -> "'-' digits" [ label="" ]
Added node: "'-'" [ fillcolor="white" label="'-'" ]
Added edge: "'-' digits" -> "'-'" [ label="" ]
Added edge: "'-' digits" -> "digits" [ label="" ]
Added node: "[\\d]+" [ fillcolor="white" label="\[\\d\]+" ]
Added edge: "digits" -> "[\\d]+" [ label="" ]
Added node: "'.' digits" [ fillcolor="white" label="'.' digits" ]
Added edge: "frac" -> "'.' digits" [ label="" ]
Added node: "'.'" [ fillcolor="white" label="'.'" ]
Added edge: "'.' digits" -> "'.'" [ label="" ]
Added edge: "'.' digits" -> "digits" [ label="" ]
Added node: "e digits" [ fillcolor="white" label="e digits" ]
Added edge: "exp" -> "e digits" [ label="" ]
Added node: "e" [ fillcolor="white" label="e" ]
Added edge: "e digits" -> "e" [ label="" ]
Added edge: "e digits" -> "digits" [ label="" ]
Added node: "'e'" [ fillcolor="white" label="'e'" ]
Added edge: "e" -> "'e'" [ label="" ]
Added node: "'e+'" [ fillcolor="white" label="'e+'" ]
Added edge: "e" -> "'e+'" [ label="" ]
Added node: "'e-'" [ fillcolor="white" label="'e-'" ]
Added edge: "e" -> "'e-'" [ label="" ]
Added node: "'E'" [ fillcolor="white" label="'E'" ]
Added edge: "e" -> "'E'" [ label="" ]
Added node: "'E+'" [ fillcolor="white" label="'E+'" ]
Added edge: "e" -> "'E+'" [ label="" ]
Added node: "'E-'" [ fillcolor="white" label="'E-'" ]
Added edge: "e" -> "'E-'" [ label="" ]
Added node: "lstring" [ fillcolor="white" label="lstring" ]
Added edge: "string" -> "lstring" [ label="" ]
Added node: "lstring_attributes" [ fillcolor="#DAA520" label="{action =\> do_string}" shape="Mrecord" ]
Added edge: "lstring" -> "lstring_attributes" [ label="" ]
Added node: "quote in_string quote" [ fillcolor="white" label="quote in_string quote" ]
Added edge: "lstring" -> "quote in_string quote" [ label="" ]
Added node: "quote" [ fillcolor="white" label="quote" ]
Added edge: "quote in_string quote" -> "quote" [ label="" ]
Added node: "in_string" [ fillcolor="white" label="in_string" ]
Added edge: "quote in_string quote" -> "in_string" [ label="" ]
Added edge: "quote in_string quote" -> "quote" [ label="" ]
Added node: "[\\ꞌꞌ]" [ fillcolor="white" label="\[\\ꞌꞌ\]" ]
Added edge: "quote" -> "[\\ꞌꞌ]" [ label="" ]
Added node: "in_string_char*" [ fillcolor="white" label="in_string_char*" ]
Added edge: "in_string" -> "in_string_char*" [ label="" ]
Added node: "[^ꞌꞌ\\\\]" [ fillcolor="white" label="\[^ꞌꞌ\\\\]" ]
Added node: "in_string_char"
Added edge: "in_string_char" -> "[^ꞌꞌ\\\\]" [ label="" ]
Added node: "'\\' 'ꞌꞌ'" [ fillcolor="white" label="'\\' 'ꞌꞌ'" ]
Added edge: "in_string_char" -> "'\\' 'ꞌꞌ'" [ label="" ]
Added node: "'\\'" [ fillcolor="white" label="'\\'" ]
Added edge: "'\\' 'ꞌꞌ'" -> "'\\'" [ label="" ]
Added node: "'ꞌꞌ'" [ fillcolor="white" label="'ꞌꞌ'" ]
Added edge: "'\\' 'ꞌꞌ'" -> "'ꞌꞌ'" [ label="" ]
Added node: "'\\' 'b'" [ fillcolor="white" label="'\\' 'b'" ]
Added edge: "in_string_char" -> "'\\' 'b'" [ label="" ]
Added edge: "'\\' 'b'" -> "'\\'" [ label="" ]
Added node: "'b'" [ fillcolor="white" label="'b'" ]
Added edge: "'\\' 'b'" -> "'b'" [ label="" ]
Added node: "'\\' 'f'" [ fillcolor="white" label="'\\' 'f'" ]
Added edge: "in_string_char" -> "'\\' 'f'" [ label="" ]
Added edge: "'\\' 'f'" -> "'\\'" [ label="" ]
Added node: "'f'" [ fillcolor="white" label="'f'" ]
Added edge: "'\\' 'f'" -> "'f'" [ label="" ]
Added node: "'\\' 't'" [ fillcolor="white" label="'\\' 't'" ]
Added edge: "in_string_char" -> "'\\' 't'" [ label="" ]
Added edge: "'\\' 't'" -> "'\\'" [ label="" ]
Added node: "'t'" [ fillcolor="white" label="'t'" ]
Added edge: "'\\' 't'" -> "'t'" [ label="" ]
Added node: "'\\' 'n'" [ fillcolor="white" label="'\\' 'n'" ]
Added edge: "in_string_char" -> "'\\' 'n'" [ label="" ]
Added edge: "'\\' 'n'" -> "'\\'" [ label="" ]
Added node: "'n'" [ fillcolor="white" label="'n'" ]
Added edge: "'\\' 'n'" -> "'n'" [ label="" ]
Added node: "'\\' 'r'" [ fillcolor="white" label="'\\' 'r'" ]
Added edge: "in_string_char" -> "'\\' 'r'" [ label="" ]
Added edge: "'\\' 'r'" -> "'\\'" [ label="" ]
Added node: "'r'" [ fillcolor="white" label="'r'" ]
Added edge: "'\\' 'r'" -> "'r'" [ label="" ]
Added node: "'\\' 'u' four_hex_digits" [ fillcolor="white" label="'\\' 'u' four_hex_digits" ]
Added edge: "in_string_char" -> "'\\' 'u' four_hex_digits" [ label="" ]
Added edge: "'\\' 'u' four_hex_digits" -> "'\\'" [ label="" ]
Added node: "'u'" [ fillcolor="white" label="'u'" ]
Added edge: "'\\' 'u' four_hex_digits" -> "'u'" [ label="" ]
Added node: "four_hex_digits" [ fillcolor="white" label="four_hex_digits" ]
Added edge: "'\\' 'u' four_hex_digits" -> "four_hex_digits" [ label="" ]
Added node: "'\\' '/'" [ fillcolor="white" label="'\\' '/'" ]
Added edge: "in_string_char" -> "'\\' '/'" [ label="" ]
Added edge: "'\\' '/'" -> "'\\'" [ label="" ]
Added node: "'/'" [ fillcolor="white" label="'/'" ]
Added edge: "'\\' '/'" -> "'/'" [ label="" ]
Added node: "'\\\\'" [ fillcolor="white" label="'\\\\'" ]
Added edge: "in_string_char" -> "'\\\\'" [ label="" ]
Added node: "hex_digit hex_digit hex_digit hex_digit" [ fillcolor="white" label="hex_digit hex_digit hex_digit hex_digit" ]
Added edge: "four_hex_digits" -> "hex_digit hex_digit hex_digit hex_digit" [ label="" ]
Added node: "hex_digit" [ fillcolor="white" label="hex_digit" ]
Added edge: "hex_digit hex_digit hex_digit hex_digit" -> "hex_digit" [ label="" ]
Added edge: "hex_digit hex_digit hex_digit hex_digit" -> "hex_digit" [ label="" ]
Added edge: "hex_digit hex_digit hex_digit hex_digit" -> "hex_digit" [ label="" ]
Added edge: "hex_digit hex_digit hex_digit hex_digit" -> "hex_digit" [ label="" ]
Added node: "[0-9a-fA-F]" [ fillcolor="white" label="\[0-9a-fA-F\]" ]
Added edge: "hex_digit" -> "[0-9a-fA-F]" [ label="" ]
Added node: "','" [ fillcolor="white" label="','" ]
Added node: "comma"
Added edge: "comma" -> "','" [ label="" ]
Added node: "[\\s]+" [ fillcolor="white" label="\[\\s\]+" ]
Added edge: "whitespace" -> "[\\s]+" [ label="" ]
Driver: /usr/local/bin/dot. Output file: html/json.1.svg. Format: svg. Timeout: 10 second(s)

digraph Perl
{
graph [ label="json.1.bnf" rankdir="TB" ]
node [ shape="rectangle" style="filled" ]
edge [ color="grey" ]
"json" [ fillcolor="lightgreen" label="{:start|json}" shape="Mrecord" ]
"꞉discard" [ fillcolor="lightblue" label="꞉discard" ]
"json" -> "꞉discard" [ label="" ]
"whitespace" [ fillcolor="lightblue" label="whitespace" ]
"꞉discard" -> "whitespace" [ label="" ]
"object" [ fillcolor="white" label="object" ]
"json" -> "object" [ label="" ]
"array" [ fillcolor="white" label="array" ]
"json" -> "array" [ label="" ]
"'{' '}'" [ fillcolor="white" label="'{' '}'" ]
"object" -> "'{' '}'" [ label="" ]
"'{'" [ fillcolor="white" label="'{'" ]
"'{' '}'" -> "'{'" [ label="" ]
"'}'" [ fillcolor="white" label="'}'" ]
"'{' '}'" -> "'}'" [ label="" ]
"'{' '}'_attributes" [ fillcolor="#DAA520" label="{action =\> do_empty_object}" shape="Mrecord" ]
"'{' '}'" -> "'{' '}'_attributes" [ label="" ]
"'{' members '}'" [ fillcolor="white" label="'{' members '}'" ]
"object" -> "'{' members '}'" [ label="" ]
"'{' members '}'" -> "'{'" [ label="" ]
"members" [ fillcolor="white" label="members" ]
"'{' members '}'" -> "members" [ label="" ]
"'{' members '}'" -> "'}'" [ label="" ]
"'{' members '}'_attributes" [ fillcolor="#DAA520" label="{action =\> do_object}" shape="Mrecord" ]
"'{' members '}'" -> "'{' members '}'_attributes" [ label="" ]
"pair+" [ fillcolor="white" label="pair+" ]
"members" -> "pair+" [ label="" ]
"pair+_attributes" [ fillcolor="#DAA520" label="{action =\> do_list|separator =\> comma}" shape="Mrecord" ]
"pair+" -> "pair+_attributes" [ label="" ]
"string '꞉' value" [ fillcolor="white" label="string '꞉' value" ]
"pair"
"pair" -> "string '꞉' value" [ label="" ]
"string" [ fillcolor="white" label="string" ]
"string '꞉' value" -> "string" [ label="" ]
"'꞉'" [ fillcolor="white" label="'꞉'" ]
"string '꞉' value" -> "'꞉'" [ label="" ]
"value" [ fillcolor="white" label="value" ]
"string '꞉' value" -> "value" [ label="" ]
"string '꞉' value_attributes" [ fillcolor="#DAA520" label="{action =\> do_pair}" shape="Mrecord" ]
"string '꞉' value" -> "string '꞉' value_attributes" [ label="" ]
"value" -> "string" [ label="" ]
"value" -> "object" [ label="" ]
"number" [ fillcolor="white" label="number" ]
"value" -> "number" [ label="" ]
"value" -> "array" [ label="" ]
"'true'" [ fillcolor="white" label="'true'" ]
"value" -> "'true'" [ label="" ]
"'true'_attributes" [ fillcolor="#DAA520" label="{action =\> do_true}" shape="Mrecord" ]
"'true'" -> "'true'_attributes" [ label="" ]
"'false'" [ fillcolor="white" label="'false'" ]
"value" -> "'false'" [ label="" ]
"'false'_attributes" [ fillcolor="#DAA520" label="{action =\> do_true}" shape="Mrecord" ]
"'false'" -> "'false'_attributes" [ label="" ]
"'null'" [ fillcolor="white" label="'null'" ]
"value" -> "'null'" [ label="" ]
"'null'_attributes" [ fillcolor="#DAA520" label="{action =\> do_null}" shape="Mrecord" ]
"'null'" -> "'null'_attributes" [ label="" ]
"'[' ']'" [ fillcolor="white" label="'\[' '\]'" ]
"array" -> "'[' ']'" [ label="" ]
"'['" [ fillcolor="white" label="'\['" ]
"'[' ']'" -> "'['" [ label="" ]
"']'" [ fillcolor="white" label="'\]'" ]
"'[' ']'" -> "']'" [ label="" ]
"'[' ']'_attributes" [ fillcolor="#DAA520" label="{action =\> do_empty_array}" shape="Mrecord" ]
"'[' ']'" -> "'[' ']'_attributes" [ label="" ]
"'[' elements ']'" [ fillcolor="white" label="'\[' elements '\]'" ]
"array" -> "'[' elements ']'" [ label="" ]
"'[' elements ']'" -> "'['" [ label="" ]
"elements" [ fillcolor="white" label="elements" ]
"'[' elements ']'" -> "elements" [ label="" ]
"'[' elements ']'" -> "']'" [ label="" ]
"'[' elements ']'_attributes" [ fillcolor="#DAA520" label="{action =\> do_array}" shape="Mrecord" ]
"'[' elements ']'" -> "'[' elements ']'_attributes" [ label="" ]
"value+" [ fillcolor="white" label="value+" ]
"elements" -> "value+" [ label="" ]
"value+_attributes" [ fillcolor="#DAA520" label="{action =\> do_list|separator =\> comma}" shape="Mrecord" ]
"value+" -> "value+_attributes" [ label="" ]
"int" [ fillcolor="white" label="int" ]
"number" -> "int" [ label="" ]
"int frac" [ fillcolor="white" label="int frac" ]
"number" -> "int frac" [ label="" ]
"int frac" -> "int" [ label="" ]
"frac" [ fillcolor="white" label="frac" ]
"int frac" -> "frac" [ label="" ]
"int exp" [ fillcolor="white" label="int exp" ]
"number" -> "int exp" [ label="" ]
"int exp" -> "int" [ label="" ]
"exp" [ fillcolor="white" label="exp" ]
"int exp" -> "exp" [ label="" ]
"int frac exp" [ fillcolor="white" label="int frac exp" ]
"number" -> "int frac exp" [ label="" ]
"int frac exp" -> "int" [ label="" ]
"int frac exp" -> "frac" [ label="" ]
"int frac exp" -> "exp" [ label="" ]
"digits" [ fillcolor="white" label="digits" ]
"int" -> "digits" [ label="" ]
"'-' digits" [ fillcolor="white" label="'-' digits" ]
"int" -> "'-' digits" [ label="" ]
"'-'" [ fillcolor="white" label="'-'" ]
"'-' digits" -> "'-'" [ label="" ]
"'-' digits" -> "digits" [ label="" ]
"[\\d]+" [ fillcolor="white" label="\[\\d\]+" ]
"digits" -> "[\\d]+" [ label="" ]
"'.' digits" [ fillcolor="white" label="'.' digits" ]
"frac" -> "'.' digits" [ label="" ]
"'.'" [ fillcolor="white" label="'.'" ]
"'.' digits" -> "'.'" [ label="" ]
"'.' digits" -> "digits" [ label="" ]
"e digits" [ fillcolor="white" label="e digits" ]
"exp" -> "e digits" [ label="" ]
"e" [ fillcolor="white" label="e" ]
"e digits" -> "e" [ label="" ]
"e digits" -> "digits" [ label="" ]
"'e'" [ fillcolor="white" label="'e'" ]
"e" -> "'e'" [ label="" ]
"'e+'" [ fillcolor="white" label="'e+'" ]
"e" -> "'e+'" [ label="" ]
"'e-'" [ fillcolor="white" label="'e-'" ]
"e" -> "'e-'" [ label="" ]
"'E'" [ fillcolor="white" label="'E'" ]
"e" -> "'E'" [ label="" ]
"'E+'" [ fillcolor="white" label="'E+'" ]
"e" -> "'E+'" [ label="" ]
"'E-'" [ fillcolor="white" label="'E-'" ]
"e" -> "'E-'" [ label="" ]
"lstring" [ fillcolor="white" label="lstring" ]
"string" -> "lstring" [ label="" ]
"lstring_attributes" [ fillcolor="#DAA520" label="{action =\> do_string}" shape="Mrecord" ]
"lstring" -> "lstring_attributes" [ label="" ]
"quote in_string quote" [ fillcolor="white" label="quote in_string quote" ]
"lstring" -> "quote in_string quote" [ label="" ]
"quote" [ fillcolor="white" label="quote" ]
"quote in_string quote" -> "quote" [ label="" ]
"in_string" [ fillcolor="white" label="in_string" ]
"quote in_string quote" -> "in_string" [ label="" ]
"quote in_string quote" -> "quote" [ label="" ]
"[\\ꞌꞌ]" [ fillcolor="white" label="\[\\ꞌꞌ\]" ]
"quote" -> "[\\ꞌꞌ]" [ label="" ]
"in_string_char*" [ fillcolor="white" label="in_string_char*" ]
"in_string" -> "in_string_char*" [ label="" ]
"[^ꞌꞌ\\\\]" [ fillcolor="white" label="\[^ꞌꞌ\\\\]" ]
"in_string_char"
"in_string_char" -> "[^ꞌꞌ\\\\]" [ label="" ]
"'\\' 'ꞌꞌ'" [ fillcolor="white" label="'\\' 'ꞌꞌ'" ]
"in_string_char" -> "'\\' 'ꞌꞌ'" [ label="" ]
"'\\'" [ fillcolor="white" label="'\\'" ]
"'\\' 'ꞌꞌ'" -> "'\\'" [ label="" ]
"'ꞌꞌ'" [ fillcolor="white" label="'ꞌꞌ'" ]
"'\\' 'ꞌꞌ'" -> "'ꞌꞌ'" [ label="" ]
"'\\' 'b'" [ fillcolor="white" label="'\\' 'b'" ]
"in_string_char" -> "'\\' 'b'" [ label="" ]
"'\\' 'b'" -> "'\\'" [ label="" ]
"'b'" [ fillcolor="white" label="'b'" ]
"'\\' 'b'" -> "'b'" [ label="" ]
"'\\' 'f'" [ fillcolor="white" label="'\\' 'f'" ]
"in_string_char" -> "'\\' 'f'" [ label="" ]
"'\\' 'f'" -> "'\\'" [ label="" ]
"'f'" [ fillcolor="white" label="'f'" ]
"'\\' 'f'" -> "'f'" [ label="" ]
"'\\' 't'" [ fillcolor="white" label="'\\' 't'" ]
"in_string_char" -> "'\\' 't'" [ label="" ]
"'\\' 't'" -> "'\\'" [ label="" ]
"'t'" [ fillcolor="white" label="'t'" ]
"'\\' 't'" -> "'t'" [ label="" ]
"'\\' 'n'" [ fillcolor="white" label="'\\' 'n'" ]
"in_string_char" -> "'\\' 'n'" [ label="" ]
"'\\' 'n'" -> "'\\'" [ label="" ]
"'n'" [ fillcolor="white" label="'n'" ]
"'\\' 'n'" -> "'n'" [ label="" ]
"'\\' 'r'" [ fillcolor="white" label="'\\' 'r'" ]
"in_string_char" -> "'\\' 'r'" [ label="" ]
"'\\' 'r'" -> "'\\'" [ label="" ]
"'r'" [ fillcolor="white" label="'r'" ]
"'\\' 'r'" -> "'r'" [ label="" ]
"'\\' 'u' four_hex_digits" [ fillcolor="white" label="'\\' 'u' four_hex_digits" ]
"in_string_char" -> "'\\' 'u' four_hex_digits" [ label="" ]
"'\\' 'u' four_hex_digits" -> "'\\'" [ label="" ]
"'u'" [ fillcolor="white" label="'u'" ]
"'\\' 'u' four_hex_digits" -> "'u'" [ label="" ]
"four_hex_digits" [ fillcolor="white" label="four_hex_digits" ]
"'\\' 'u' four_hex_digits" -> "four_hex_digits" [ label="" ]
"'\\' '/'" [ fillcolor="white" label="'\\' '/'" ]
"in_string_char" -> "'\\' '/'" [ label="" ]
"'\\' '/'" -> "'\\'" [ label="" ]
"'/'" [ fillcolor="white" label="'/'" ]
"'\\' '/'" -> "'/'" [ label="" ]
"'\\\\'" [ fillcolor="white" label="'\\\\'" ]
"in_string_char" -> "'\\\\'" [ label="" ]
"hex_digit hex_digit hex_digit hex_digit" [ fillcolor="white" label="hex_digit hex_digit hex_digit hex_digit" ]
"four_hex_digits" -> "hex_digit hex_digit hex_digit hex_digit" [ label="" ]
"hex_digit" [ fillcolor="white" label="hex_digit" ]
"hex_digit hex_digit hex_digit hex_digit" -> "hex_digit" [ label="" ]
"hex_digit hex_digit hex_digit hex_digit" -> "hex_digit" [ label="" ]
"hex_digit hex_digit hex_digit hex_digit" -> "hex_digit" [ label="" ]
"hex_digit hex_digit hex_digit hex_digit" -> "hex_digit" [ label="" ]
"[0-9a-fA-F]" [ fillcolor="white" label="\[0-9a-fA-F\]" ]
"hex_digit" -> "[0-9a-fA-F]" [ label="" ]
"','" [ fillcolor="white" label="','" ]
"comma"
"comma" -> "','" [ label="" ]
"[\\s]+" [ fillcolor="white" label="\[\\s\]+" ]
"whitespace" -> "[\\s]+" [ label="" ]
}
Wrote html/json.1.svg. Size: 71229 bytes
