Default global: directed => digraph
Default global: driver => /usr/local/bin/dot
Default global: format => svg
Default global: label => ->
Default global: name => Perl
Default global: record_shape => Mrecord
Default global: strict => 0
Default global: subgraph => HASH(0x258bec8)
Default global: timeout => 10
Default graph: label => termcap.info.bnf, rankdir => TB
Default node: shape => rectangle, style => filled
Default edge: color => grey
Added node: "units" [ fillcolor="lightgreen" label="{:start|units}" shape="Mrecord" ]
Added node: "꞉default" [ fillcolor="lightblue" label="꞉default" ]
Added edge: "units" -> "꞉default" [ label="" ]
Added node: "꞉default_1" [ fillcolor="lightblue" label="{action =\> \[values\]}" shape="Mrecord" ]
Added edge: "꞉default" -> "꞉default_1" [ label="" ]
--------------------------------------------------
Node:           units
Daughter count: 1 ::=
Daughter stack: 1
	unit
Adverb stack:   1
	
--------------------------------------------------
Added node: "unit" [ fillcolor="white" label="unit" ]
Added edge: "units" -> "unit" [ label="" ]
--------------------------------------------------
Node:           unit
Daughter count: 1 ::=
Daughter stack: 33
	ESCAPED_CHARACTER
	INISPRINTEXCEPTCOMMA
	PERCENT
	C
	PRINT
	PUSH
	DYNPOP
	DYNPUSH
	STATICPOP
	STATICPUSH
	L
	PUSHCONST
	PUSHINT
	PLUS
	MINUS
	STAR
	DIV
	MOD
	BITAND
	BITOR
	BITXOR
	EQUAL
	GREATER
	LOWER
	AND
	OR
	NOT
	COMPLEMENT
	ADDONE
	IF, units, THEN, units, elifUnits, ELSE, units, ENDIF
	IF, units, THEN, units, elifUnits, ENDIF
	IF, ENDIF
	EOF
Adverb stack:   33
	{action =\> addEscapedCharacterToRc}
	{action =\> addCharacterToRc}
	{action =\> addPercentToRc}
	{action =\> addPrintPopToRc}
	{action =\> addPrintToRc}
	{action =\> addPushToRc}
	{action =\> addDynPop}
	{action =\> addDynPush}
	{action =\> addStaticPop}
	{action =\> addStaticPush}
	{action =\> addL}
	{action =\> addPushConst}
	{action =\> addPushInt}
	{action =\> addPlus}
	{action =\> addMinus}
	{action =\> addStar}
	{action =\> addDiv}
	{action =\> addMod}
	{action =\> addBitAnd}
	{action =\> addBitOr}
	{action =\> addBitXor}
	{action =\> addEqual}
	{action =\> addGreater}
	{action =\> addLower}
	{action =\> addLogicalAnd}
	{action =\> addLogicalOr}
	{action =\> addNot}
	{action =\> addComplement}
	{action =\> addOneToParams}
	{action =\> addIfThenElse}
	{action =\> addIfThen}
	{action =\> ifEndif}
	{action =\> eof}
--------------------------------------------------
Added node: "ESCAPED_CHARACTER" [ fillcolor="white" label="ESCAPED_CHARACTER" ]
Added edge: "unit" -> "ESCAPED_CHARACTER" [ label="" ]
Added node: "ESCAPED_CHARACTER_0" [ fillcolor="gold" label="{action =\> addEscapedCharacterToRc}" shape="Mrecord" ]
Added edge: "ESCAPED_CHARACTER" -> "ESCAPED_CHARACTER_0" [ label="" ]
Added node: "INISPRINTEXCEPTCOMMA" [ fillcolor="white" label="INISPRINTEXCEPTCOMMA" ]
Added edge: "unit" -> "INISPRINTEXCEPTCOMMA" [ label="" ]
Added node: "INISPRINTEXCEPTCOMMA_0" [ fillcolor="gold" label="{action =\> addCharacterToRc}" shape="Mrecord" ]
Added edge: "INISPRINTEXCEPTCOMMA" -> "INISPRINTEXCEPTCOMMA_0" [ label="" ]
Added node: "PERCENT" [ fillcolor="white" label="PERCENT" ]
Added edge: "unit" -> "PERCENT" [ label="" ]
Added node: "PERCENT_0" [ fillcolor="gold" label="{action =\> addPercentToRc}" shape="Mrecord" ]
Added edge: "PERCENT" -> "PERCENT_0" [ label="" ]
Added node: "C" [ fillcolor="white" label="C" ]
Added edge: "unit" -> "C" [ label="" ]
Added node: "C_0" [ fillcolor="gold" label="{action =\> addPrintPopToRc}" shape="Mrecord" ]
Added edge: "C" -> "C_0" [ label="" ]
Added node: "PRINT" [ fillcolor="white" label="PRINT" ]
Added edge: "unit" -> "PRINT" [ label="" ]
Added node: "PRINT_0" [ fillcolor="gold" label="{action =\> addPrintToRc}" shape="Mrecord" ]
Added edge: "PRINT" -> "PRINT_0" [ label="" ]
Added node: "PUSH" [ fillcolor="white" label="PUSH" ]
Added edge: "unit" -> "PUSH" [ label="" ]
Added node: "PUSH_0" [ fillcolor="gold" label="{action =\> addPushToRc}" shape="Mrecord" ]
Added edge: "PUSH" -> "PUSH_0" [ label="" ]
Added node: "DYNPOP" [ fillcolor="white" label="DYNPOP" ]
Added edge: "unit" -> "DYNPOP" [ label="" ]
Added node: "DYNPOP_0" [ fillcolor="gold" label="{action =\> addDynPop}" shape="Mrecord" ]
Added edge: "DYNPOP" -> "DYNPOP_0" [ label="" ]
Added node: "DYNPUSH" [ fillcolor="white" label="DYNPUSH" ]
Added edge: "unit" -> "DYNPUSH" [ label="" ]
Added node: "DYNPUSH_0" [ fillcolor="gold" label="{action =\> addDynPush}" shape="Mrecord" ]
Added edge: "DYNPUSH" -> "DYNPUSH_0" [ label="" ]
Added node: "STATICPOP" [ fillcolor="white" label="STATICPOP" ]
Added edge: "unit" -> "STATICPOP" [ label="" ]
Added node: "STATICPOP_0" [ fillcolor="gold" label="{action =\> addStaticPop}" shape="Mrecord" ]
Added edge: "STATICPOP" -> "STATICPOP_0" [ label="" ]
Added node: "STATICPUSH" [ fillcolor="white" label="STATICPUSH" ]
Added edge: "unit" -> "STATICPUSH" [ label="" ]
Added node: "STATICPUSH_0" [ fillcolor="gold" label="{action =\> addStaticPush}" shape="Mrecord" ]
Added edge: "STATICPUSH" -> "STATICPUSH_0" [ label="" ]
Added node: "L" [ fillcolor="white" label="L" ]
Added edge: "unit" -> "L" [ label="" ]
Added node: "L_0" [ fillcolor="gold" label="{action =\> addL}" shape="Mrecord" ]
Added edge: "L" -> "L_0" [ label="" ]
Added node: "PUSHCONST" [ fillcolor="white" label="PUSHCONST" ]
Added edge: "unit" -> "PUSHCONST" [ label="" ]
Added node: "PUSHCONST_0" [ fillcolor="gold" label="{action =\> addPushConst}" shape="Mrecord" ]
Added edge: "PUSHCONST" -> "PUSHCONST_0" [ label="" ]
Added node: "PUSHINT" [ fillcolor="white" label="PUSHINT" ]
Added edge: "unit" -> "PUSHINT" [ label="" ]
Added node: "PUSHINT_0" [ fillcolor="gold" label="{action =\> addPushInt}" shape="Mrecord" ]
Added edge: "PUSHINT" -> "PUSHINT_0" [ label="" ]
Added node: "PLUS" [ fillcolor="white" label="PLUS" ]
Added edge: "unit" -> "PLUS" [ label="" ]
Added node: "PLUS_0" [ fillcolor="gold" label="{action =\> addPlus}" shape="Mrecord" ]
Added edge: "PLUS" -> "PLUS_0" [ label="" ]
Added node: "MINUS" [ fillcolor="white" label="MINUS" ]
Added edge: "unit" -> "MINUS" [ label="" ]
Added node: "MINUS_0" [ fillcolor="gold" label="{action =\> addMinus}" shape="Mrecord" ]
Added edge: "MINUS" -> "MINUS_0" [ label="" ]
Added node: "STAR" [ fillcolor="white" label="STAR" ]
Added edge: "unit" -> "STAR" [ label="" ]
Added node: "STAR_0" [ fillcolor="gold" label="{action =\> addStar}" shape="Mrecord" ]
Added edge: "STAR" -> "STAR_0" [ label="" ]
Added node: "DIV" [ fillcolor="white" label="DIV" ]
Added edge: "unit" -> "DIV" [ label="" ]
Added node: "DIV_0" [ fillcolor="gold" label="{action =\> addDiv}" shape="Mrecord" ]
Added edge: "DIV" -> "DIV_0" [ label="" ]
Added node: "MOD" [ fillcolor="white" label="MOD" ]
Added edge: "unit" -> "MOD" [ label="" ]
Added node: "MOD_0" [ fillcolor="gold" label="{action =\> addMod}" shape="Mrecord" ]
Added edge: "MOD" -> "MOD_0" [ label="" ]
Added node: "BITAND" [ fillcolor="white" label="BITAND" ]
Added edge: "unit" -> "BITAND" [ label="" ]
Added node: "BITAND_0" [ fillcolor="gold" label="{action =\> addBitAnd}" shape="Mrecord" ]
Added edge: "BITAND" -> "BITAND_0" [ label="" ]
Added node: "BITOR" [ fillcolor="white" label="BITOR" ]
Added edge: "unit" -> "BITOR" [ label="" ]
Added node: "BITOR_0" [ fillcolor="gold" label="{action =\> addBitOr}" shape="Mrecord" ]
Added edge: "BITOR" -> "BITOR_0" [ label="" ]
Added node: "BITXOR" [ fillcolor="white" label="BITXOR" ]
Added edge: "unit" -> "BITXOR" [ label="" ]
Added node: "BITXOR_0" [ fillcolor="gold" label="{action =\> addBitXor}" shape="Mrecord" ]
Added edge: "BITXOR" -> "BITXOR_0" [ label="" ]
Added node: "EQUAL" [ fillcolor="white" label="EQUAL" ]
Added edge: "unit" -> "EQUAL" [ label="" ]
Added node: "EQUAL_0" [ fillcolor="gold" label="{action =\> addEqual}" shape="Mrecord" ]
Added edge: "EQUAL" -> "EQUAL_0" [ label="" ]
Added node: "GREATER" [ fillcolor="white" label="GREATER" ]
Added edge: "unit" -> "GREATER" [ label="" ]
Added node: "GREATER_0" [ fillcolor="gold" label="{action =\> addGreater}" shape="Mrecord" ]
Added edge: "GREATER" -> "GREATER_0" [ label="" ]
Added node: "LOWER" [ fillcolor="white" label="LOWER" ]
Added edge: "unit" -> "LOWER" [ label="" ]
Added node: "LOWER_0" [ fillcolor="gold" label="{action =\> addLower}" shape="Mrecord" ]
Added edge: "LOWER" -> "LOWER_0" [ label="" ]
Added node: "AND" [ fillcolor="white" label="AND" ]
Added edge: "unit" -> "AND" [ label="" ]
Added node: "AND_0" [ fillcolor="gold" label="{action =\> addLogicalAnd}" shape="Mrecord" ]
Added edge: "AND" -> "AND_0" [ label="" ]
Added node: "OR" [ fillcolor="white" label="OR" ]
Added edge: "unit" -> "OR" [ label="" ]
Added node: "OR_0" [ fillcolor="gold" label="{action =\> addLogicalOr}" shape="Mrecord" ]
Added edge: "OR" -> "OR_0" [ label="" ]
Added node: "NOT" [ fillcolor="white" label="NOT" ]
Added edge: "unit" -> "NOT" [ label="" ]
Added node: "NOT_0" [ fillcolor="gold" label="{action =\> addNot}" shape="Mrecord" ]
Added edge: "NOT" -> "NOT_0" [ label="" ]
Added node: "COMPLEMENT" [ fillcolor="white" label="COMPLEMENT" ]
Added edge: "unit" -> "COMPLEMENT" [ label="" ]
Added node: "COMPLEMENT_0" [ fillcolor="gold" label="{action =\> addComplement}" shape="Mrecord" ]
Added edge: "COMPLEMENT" -> "COMPLEMENT_0" [ label="" ]
Added node: "ADDONE" [ fillcolor="white" label="ADDONE" ]
Added edge: "unit" -> "ADDONE" [ label="" ]
Added node: "ADDONE_0" [ fillcolor="gold" label="{action =\> addOneToParams}" shape="Mrecord" ]
Added edge: "ADDONE" -> "ADDONE_0" [ label="" ]
Added node: "IF units THEN units elifUnits ELSE units ENDIF" [ fillcolor="white" label="IF units THEN units elifUnits ELSE units ENDIF" ]
Added edge: "unit" -> "IF units THEN units elifUnits ELSE units ENDIF" [ label="" ]
Added node: "IF" [ fillcolor="white" label="IF" ]
Added edge: "IF units THEN units elifUnits ELSE units ENDIF" -> "IF" [ label="" ]
Added node: "IF_0" [ fillcolor="gold" label="{action =\> addIfThenElse}" shape="Mrecord" ]
Added edge: "IF" -> "IF_0" [ label="" ]
Added edge: "IF units THEN units elifUnits ELSE units ENDIF" -> "units" [ label="" ]
Added node: "THEN" [ fillcolor="white" label="THEN" ]
Added edge: "IF units THEN units elifUnits ELSE units ENDIF" -> "THEN" [ label="" ]
Added edge: "IF units THEN units elifUnits ELSE units ENDIF" -> "units" [ label="" ]
Added node: "elifUnits" [ fillcolor="white" label="elifUnits" ]
Added edge: "IF units THEN units elifUnits ELSE units ENDIF" -> "elifUnits" [ label="" ]
Added node: "ELSE" [ fillcolor="white" label="ELSE" ]
Added edge: "IF units THEN units elifUnits ELSE units ENDIF" -> "ELSE" [ label="" ]
Added edge: "IF units THEN units elifUnits ELSE units ENDIF" -> "units" [ label="" ]
Added node: "ENDIF" [ fillcolor="white" label="ENDIF" ]
Added edge: "IF units THEN units elifUnits ELSE units ENDIF" -> "ENDIF" [ label="" ]
Added node: "IF units THEN units elifUnits ENDIF" [ fillcolor="white" label="IF units THEN units elifUnits ENDIF" ]
Added edge: "unit" -> "IF units THEN units elifUnits ENDIF" [ label="" ]
Added edge: "IF units THEN units elifUnits ENDIF" -> "IF" [ label="" ]
Added edge: "IF" -> "IF_0" [ label="" ]
Added edge: "IF units THEN units elifUnits ENDIF" -> "units" [ label="" ]
Added edge: "IF units THEN units elifUnits ENDIF" -> "THEN" [ label="" ]
Added edge: "IF units THEN units elifUnits ENDIF" -> "units" [ label="" ]
Added edge: "IF units THEN units elifUnits ENDIF" -> "elifUnits" [ label="" ]
Added edge: "IF units THEN units elifUnits ENDIF" -> "ENDIF" [ label="" ]
Added node: "IF ENDIF" [ fillcolor="white" label="IF ENDIF" ]
Added edge: "unit" -> "IF ENDIF" [ label="" ]
Added edge: "IF ENDIF" -> "IF" [ label="" ]
Added edge: "IF" -> "IF_0" [ label="" ]
Added edge: "IF ENDIF" -> "ENDIF" [ label="" ]
Added node: "EOF" [ fillcolor="white" label="EOF" ]
Added edge: "unit" -> "EOF" [ label="" ]
Added node: "EOF_0" [ fillcolor="gold" label="{action =\> eof}" shape="Mrecord" ]
Added edge: "EOF" -> "EOF_0" [ label="" ]
--------------------------------------------------
Node:           elifUnit
Daughter count: 1 ::=
Daughter stack: 1
	ELSE, units, THEN, units
Adverb stack:   1
	{action =\> elifUnit}
--------------------------------------------------
Added node: "ELSE units THEN units" [ fillcolor="white" label="ELSE units THEN units" ]
Added node: "elifUnit"
Added edge: "elifUnit" -> "ELSE units THEN units" [ label="" ]
Added edge: "ELSE units THEN units" -> "ELSE" [ label="" ]
Added node: "ELSE_0" [ fillcolor="gold" label="{action =\> elifUnit}" shape="Mrecord" ]
Added edge: "ELSE" -> "ELSE_0" [ label="" ]
Added edge: "ELSE units THEN units" -> "units" [ label="" ]
Added edge: "ELSE units THEN units" -> "THEN" [ label="" ]
Added edge: "ELSE units THEN units" -> "units" [ label="" ]
--------------------------------------------------
Node:           elifUnits
Daughter count: 1 ::=
Daughter stack: 1
	elifUnit
Adverb stack:   1
	
--------------------------------------------------
Added node: "elifUnit" [ fillcolor="white" label="elifUnit" ]
Added edge: "elifUnits" -> "elifUnit" [ label="" ]
--------------------------------------------------
Node:           _CONST
Daughter count: 1 ~
Daughter stack: 1
	[^']
Adverb stack:   1
	
--------------------------------------------------
Added node: "[^']" [ fillcolor="white" label="\[^'\]" ]
Added node: "_CONST"
Added edge: "_CONST" -> "[^']" [ label="" ]
--------------------------------------------------
Node:           _CONST
Daughter count: 1 ~
Daughter stack: 1
	_BS, _ALLOWED_BS
Adverb stack:   1
	
--------------------------------------------------
Added node: "_BS _ALLOWED_BS" [ fillcolor="white" label="_BS _ALLOWED_BS" ]
Added edge: "_CONST" -> "_BS _ALLOWED_BS" [ label="" ]
Added node: "_BS" [ fillcolor="white" label="_BS" ]
Added edge: "_BS _ALLOWED_BS" -> "_BS" [ label="" ]
Added node: "_ALLOWED_BS" [ fillcolor="white" label="_ALLOWED_BS" ]
Added edge: "_BS _ALLOWED_BS" -> "_ALLOWED_BS" [ label="" ]
--------------------------------------------------
Node:           _DIGITS
Daughter count: 1 ~
Daughter stack: 1
	[\\d]
Adverb stack:   1
	
--------------------------------------------------
Added node: "[\\d]" [ fillcolor="white" label="\[\\d\]" ]
Added node: "_DIGITS"
Added edge: "_DIGITS" -> "[\\d]" [ label="" ]
--------------------------------------------------
Node:           _DIGIT
Daughter count: 1 ~
Daughter stack: 1
	[\\d]
Adverb stack:   1
	
--------------------------------------------------
Added node: "_DIGIT"
Added edge: "_DIGIT" -> "[\\d]" [ label="" ]
--------------------------------------------------
Node:           _LCHAR
Daughter count: 1 ~
Daughter stack: 1
	[a-z]
Adverb stack:   1
	
--------------------------------------------------
Added node: "[a-z]" [ fillcolor="white" label="\[a-z\]" ]
Added node: "_LCHAR"
Added edge: "_LCHAR" -> "[a-z]" [ label="" ]
--------------------------------------------------
Node:           _UCHAR
Daughter count: 1 ~
Daughter stack: 1
	[A-Z]
Adverb stack:   1
	
--------------------------------------------------
Added node: "[A-Z]" [ fillcolor="white" label="\[A-Z\]" ]
Added node: "_UCHAR"
Added edge: "_UCHAR" -> "[A-Z]" [ label="" ]
--------------------------------------------------
Node:           _PERCENT
Daughter count: 1 ~
Daughter stack: 1
	'%'
Adverb stack:   1
	
--------------------------------------------------
Added node: "'%'" [ fillcolor="white" label="'%'" ]
Added node: "_PERCENT"
Added edge: "_PERCENT" -> "'%'" [ label="" ]
--------------------------------------------------
Node:           PERCENT
Daughter count: 1 ~
Daughter stack: 1
	_PERCENT, _PERCENT
Adverb stack:   1
	
--------------------------------------------------
Added node: "_PERCENT _PERCENT" [ fillcolor="white" label="_PERCENT _PERCENT" ]
Added edge: "PERCENT" -> "_PERCENT _PERCENT" [ label="" ]
Added node: "_PERCENT" [ fillcolor="white" label="_PERCENT" ]
Added edge: "_PERCENT _PERCENT" -> "_PERCENT" [ label="" ]
Added edge: "_PERCENT _PERCENT" -> "_PERCENT" [ label="" ]
--------------------------------------------------
Node:           _C
Daughter count: 1 ~
Daughter stack: 1
	'c'
Adverb stack:   1
	
--------------------------------------------------
Added node: "'c'" [ fillcolor="white" label="'c'" ]
Added node: "_C"
Added edge: "_C" -> "'c'" [ label="" ]
--------------------------------------------------
Node:           C
Daughter count: 1 ~
Daughter stack: 1
	_PERCENT, _C
Adverb stack:   1
	
--------------------------------------------------
Added node: "_PERCENT _C" [ fillcolor="white" label="_PERCENT _C" ]
Added edge: "C" -> "_PERCENT _C" [ label="" ]
Added edge: "_PERCENT _C" -> "_PERCENT" [ label="" ]
Added node: "_C" [ fillcolor="white" label="_C" ]
Added edge: "_PERCENT _C" -> "_C" [ label="" ]
--------------------------------------------------
Node:           _COLON
Daughter count: 1 ~
Daughter stack: 1
	'꞉'
Adverb stack:   1
	
--------------------------------------------------
Added node: "'꞉'" [ fillcolor="white" label="'꞉'" ]
Added node: "_COLON"
Added edge: "_COLON" -> "'꞉'" [ label="" ]
--------------------------------------------------
Node:           _DOT
Daughter count: 1 ~
Daughter stack: 1
	'.'
Adverb stack:   1
	
--------------------------------------------------
Added node: "'.'" [ fillcolor="white" label="'.'" ]
Added node: "_DOT"
Added edge: "_DOT" -> "'.'" [ label="" ]
--------------------------------------------------
Node:           __FLAGS
Daughter count: 1 ~
Daughter stack: 1
	[-+# ]
Adverb stack:   1
	
--------------------------------------------------
Added node: "[-+# ]" [ fillcolor="white" label="\[-+# \]" ]
Added node: "__FLAGS"
Added edge: "__FLAGS" -> "[-+# ]" [ label="" ]
--------------------------------------------------
Node:           _FLAGS
Daughter count: 1 ~
Daughter stack: 2
	_COLON, __FLAGS
	__FLAGS
Adverb stack:   2
	
	
--------------------------------------------------
Added node: "_COLON __FLAGS" [ fillcolor="white" label="_COLON __FLAGS" ]
Added node: "_FLAGS"
Added edge: "_FLAGS" -> "_COLON __FLAGS" [ label="" ]
Added node: "_COLON" [ fillcolor="white" label="_COLON" ]
Added edge: "_COLON __FLAGS" -> "_COLON" [ label="" ]
Added node: "__FLAGS" [ fillcolor="white" label="__FLAGS" ]
Added edge: "_COLON __FLAGS" -> "__FLAGS" [ label="" ]
Added edge: "_FLAGS" -> "__FLAGS" [ label="" ]
--------------------------------------------------
Node:           _FORMAT
Daughter count: 1 ~
Daughter stack: 1
	[doxXs]
Adverb stack:   1
	
--------------------------------------------------
Added node: "[doxXs]" [ fillcolor="white" label="\[doxXs\]" ]
Added node: "_FORMAT"
Added edge: "_FORMAT" -> "[doxXs]" [ label="" ]
--------------------------------------------------
Node:           PRINT
Daughter count: 1 ~
Daughter stack: 3
	_PERCENT, _FORMAT
	_PERCENT, _DIGITS, _FORMAT
	_PERCENT, _DIGITS, _DOT, _DIGITS, _FORMAT
Adverb stack:   3
	
	
	
--------------------------------------------------
Added node: "_PERCENT _FORMAT" [ fillcolor="white" label="_PERCENT _FORMAT" ]
Added edge: "PRINT" -> "_PERCENT _FORMAT" [ label="" ]
Added edge: "_PERCENT _FORMAT" -> "_PERCENT" [ label="" ]
Added node: "_FORMAT" [ fillcolor="white" label="_FORMAT" ]
Added edge: "_PERCENT _FORMAT" -> "_FORMAT" [ label="" ]
Added node: "_PERCENT _DIGITS _FORMAT" [ fillcolor="white" label="_PERCENT _DIGITS _FORMAT" ]
Added edge: "PRINT" -> "_PERCENT _DIGITS _FORMAT" [ label="" ]
Added edge: "_PERCENT _DIGITS _FORMAT" -> "_PERCENT" [ label="" ]
Added node: "_DIGITS" [ fillcolor="white" label="_DIGITS" ]
Added edge: "_PERCENT _DIGITS _FORMAT" -> "_DIGITS" [ label="" ]
Added edge: "_PERCENT _DIGITS _FORMAT" -> "_FORMAT" [ label="" ]
Added node: "_PERCENT _DIGITS _DOT _DIGITS _FORMAT" [ fillcolor="white" label="_PERCENT _DIGITS _DOT _DIGITS _FORMAT" ]
Added edge: "PRINT" -> "_PERCENT _DIGITS _DOT _DIGITS _FORMAT" [ label="" ]
Added edge: "_PERCENT _DIGITS _DOT _DIGITS _FORMAT" -> "_PERCENT" [ label="" ]
Added edge: "_PERCENT _DIGITS _DOT _DIGITS _FORMAT" -> "_DIGITS" [ label="" ]
Added node: "_DOT" [ fillcolor="white" label="_DOT" ]
Added edge: "_PERCENT _DIGITS _DOT _DIGITS _FORMAT" -> "_DOT" [ label="" ]
Added edge: "_PERCENT _DIGITS _DOT _DIGITS _FORMAT" -> "_DIGITS" [ label="" ]
Added edge: "_PERCENT _DIGITS _DOT _DIGITS _FORMAT" -> "_FORMAT" [ label="" ]
--------------------------------------------------
Node:           PRINT
Daughter count: 1 ~
Daughter stack: 3
	_PERCENT, _FLAGS, _FORMAT
	_PERCENT, _FLAGS, _DIGITS, _FORMAT
	_PERCENT, _FLAGS, _DIGITS, _DOT, _DIGITS, _FORMAT
Adverb stack:   3
	
	
	
--------------------------------------------------
Added node: "_PERCENT _FLAGS _FORMAT" [ fillcolor="white" label="_PERCENT _FLAGS _FORMAT" ]
Added edge: "PRINT" -> "_PERCENT _FLAGS _FORMAT" [ label="" ]
Added edge: "_PERCENT _FLAGS _FORMAT" -> "_PERCENT" [ label="" ]
Added node: "_FLAGS" [ fillcolor="white" label="_FLAGS" ]
Added edge: "_PERCENT _FLAGS _FORMAT" -> "_FLAGS" [ label="" ]
Added edge: "_PERCENT _FLAGS _FORMAT" -> "_FORMAT" [ label="" ]
Added node: "_PERCENT _FLAGS _DIGITS _FORMAT" [ fillcolor="white" label="_PERCENT _FLAGS _DIGITS _FORMAT" ]
Added edge: "PRINT" -> "_PERCENT _FLAGS _DIGITS _FORMAT" [ label="" ]
Added edge: "_PERCENT _FLAGS _DIGITS _FORMAT" -> "_PERCENT" [ label="" ]
Added edge: "_PERCENT _FLAGS _DIGITS _FORMAT" -> "_FLAGS" [ label="" ]
Added edge: "_PERCENT _FLAGS _DIGITS _FORMAT" -> "_DIGITS" [ label="" ]
Added edge: "_PERCENT _FLAGS _DIGITS _FORMAT" -> "_FORMAT" [ label="" ]
Added node: "_PERCENT _FLAGS _DIGITS _DOT _DIGITS _FORMAT" [ fillcolor="white" label="_PERCENT _FLAGS _DIGITS _DOT _DIGITS _FORMAT" ]
Added edge: "PRINT" -> "_PERCENT _FLAGS _DIGITS _DOT _DIGITS _FORMAT" [ label="" ]
Added edge: "_PERCENT _FLAGS _DIGITS _DOT _DIGITS _FORMAT" -> "_PERCENT" [ label="" ]
Added edge: "_PERCENT _FLAGS _DIGITS _DOT _DIGITS _FORMAT" -> "_FLAGS" [ label="" ]
Added edge: "_PERCENT _FLAGS _DIGITS _DOT _DIGITS _FORMAT" -> "_DIGITS" [ label="" ]
Added edge: "_PERCENT _FLAGS _DIGITS _DOT _DIGITS _FORMAT" -> "_DOT" [ label="" ]
Added edge: "_PERCENT _FLAGS _DIGITS _DOT _DIGITS _FORMAT" -> "_DIGITS" [ label="" ]
Added edge: "_PERCENT _FLAGS _DIGITS _DOT _DIGITS _FORMAT" -> "_FORMAT" [ label="" ]
--------------------------------------------------
Node:           PUSH
Daughter count: 1 ~
Daughter stack: 1
	'%p', _DIGIT
Adverb stack:   1
	
--------------------------------------------------
Added node: "'%p' _DIGIT" [ fillcolor="white" label="'%p' _DIGIT" ]
Added edge: "PUSH" -> "'%p' _DIGIT" [ label="" ]
Added node: "'%p'" [ fillcolor="white" label="'%p'" ]
Added edge: "'%p' _DIGIT" -> "'%p'" [ label="" ]
Added node: "_DIGIT" [ fillcolor="white" label="_DIGIT" ]
Added edge: "'%p' _DIGIT" -> "_DIGIT" [ label="" ]
--------------------------------------------------
Node:           DYNPOP
Daughter count: 1 ~
Daughter stack: 1
	'%P', _LCHAR
Adverb stack:   1
	
--------------------------------------------------
Added node: "'%P' _LCHAR" [ fillcolor="white" label="'%P' _LCHAR" ]
Added edge: "DYNPOP" -> "'%P' _LCHAR" [ label="" ]
Added node: "'%P'" [ fillcolor="white" label="'%P'" ]
Added edge: "'%P' _LCHAR" -> "'%P'" [ label="" ]
Added node: "_LCHAR" [ fillcolor="white" label="_LCHAR" ]
Added edge: "'%P' _LCHAR" -> "_LCHAR" [ label="" ]
--------------------------------------------------
Node:           DYNPUSH
Daughter count: 1 ~
Daughter stack: 1
	'%g', _LCHAR
Adverb stack:   1
	
--------------------------------------------------
Added node: "'%g' _LCHAR" [ fillcolor="white" label="'%g' _LCHAR" ]
Added edge: "DYNPUSH" -> "'%g' _LCHAR" [ label="" ]
Added node: "'%g'" [ fillcolor="white" label="'%g'" ]
Added edge: "'%g' _LCHAR" -> "'%g'" [ label="" ]
Added edge: "'%g' _LCHAR" -> "_LCHAR" [ label="" ]
--------------------------------------------------
Node:           STATICPOP
Daughter count: 1 ~
Daughter stack: 1
	'%P', _UCHAR
Adverb stack:   1
	
--------------------------------------------------
Added node: "'%P' _UCHAR" [ fillcolor="white" label="'%P' _UCHAR" ]
Added edge: "STATICPOP" -> "'%P' _UCHAR" [ label="" ]
Added edge: "'%P' _UCHAR" -> "'%P'" [ label="" ]
Added node: "_UCHAR" [ fillcolor="white" label="_UCHAR" ]
Added edge: "'%P' _UCHAR" -> "_UCHAR" [ label="" ]
--------------------------------------------------
Node:           STATICPUSH
Daughter count: 1 ~
Daughter stack: 1
	'%g', _UCHAR
Adverb stack:   1
	
--------------------------------------------------
Added node: "'%g' _UCHAR" [ fillcolor="white" label="'%g' _UCHAR" ]
Added edge: "STATICPUSH" -> "'%g' _UCHAR" [ label="" ]
Added edge: "'%g' _UCHAR" -> "'%g'" [ label="" ]
Added edge: "'%g' _UCHAR" -> "_UCHAR" [ label="" ]
--------------------------------------------------
Node:           L
Daughter count: 1 ~
Daughter stack: 1
	'ls'
Adverb stack:   1
	
--------------------------------------------------
Added node: "'ls'" [ fillcolor="white" label="'ls'" ]
Added edge: "L" -> "'ls'" [ label="" ]
--------------------------------------------------
Node:           _SQUOTE
Daughter count: 1 ~
Daughter stack: 1
	[']
Adverb stack:   1
	
--------------------------------------------------
Added node: "[']" [ fillcolor="white" label="\['\]" ]
Added node: "_SQUOTE"
Added edge: "_SQUOTE" -> "[']" [ label="" ]
--------------------------------------------------
Node:           PUSHCONST
Daughter count: 1 ~
Daughter stack: 1
	'%', _SQUOTE, _CONST, _SQUOTE
Adverb stack:   1
	
--------------------------------------------------
Added node: "'%' _SQUOTE _CONST _SQUOTE" [ fillcolor="white" label="'%' _SQUOTE _CONST _SQUOTE" ]
Added edge: "PUSHCONST" -> "'%' _SQUOTE _CONST _SQUOTE" [ label="" ]
Added edge: "'%' _SQUOTE _CONST _SQUOTE" -> "'%'" [ label="" ]
Added node: "_SQUOTE" [ fillcolor="white" label="_SQUOTE" ]
Added edge: "'%' _SQUOTE _CONST _SQUOTE" -> "_SQUOTE" [ label="" ]
Added node: "_CONST" [ fillcolor="white" label="_CONST" ]
Added edge: "'%' _SQUOTE _CONST _SQUOTE" -> "_CONST" [ label="" ]
Added edge: "'%' _SQUOTE _CONST _SQUOTE" -> "_SQUOTE" [ label="" ]
--------------------------------------------------
Node:           _LCURLY
Daughter count: 1 ~
Daughter stack: 1
	'{'
Adverb stack:   1
	
--------------------------------------------------
Added node: "'{'" [ fillcolor="white" label="'{'" ]
Added node: "_LCURLY"
Added edge: "_LCURLY" -> "'{'" [ label="" ]
--------------------------------------------------
Node:           _RCURLY
Daughter count: 1 ~
Daughter stack: 1
	'}'
Adverb stack:   1
	
--------------------------------------------------
Added node: "'}'" [ fillcolor="white" label="'}'" ]
Added node: "_RCURLY"
Added edge: "_RCURLY" -> "'}'" [ label="" ]
--------------------------------------------------
Node:           PUSHINT
Daughter count: 1 ~
Daughter stack: 1
	_PERCENT, _LCURLY, _DIGITS, _RCURLY
Adverb stack:   1
	
--------------------------------------------------
Added node: "_PERCENT _LCURLY _DIGITS _RCURLY" [ fillcolor="white" label="_PERCENT _LCURLY _DIGITS _RCURLY" ]
Added edge: "PUSHINT" -> "_PERCENT _LCURLY _DIGITS _RCURLY" [ label="" ]
Added edge: "_PERCENT _LCURLY _DIGITS _RCURLY" -> "_PERCENT" [ label="" ]
Added node: "_LCURLY" [ fillcolor="white" label="_LCURLY" ]
Added edge: "_PERCENT _LCURLY _DIGITS _RCURLY" -> "_LCURLY" [ label="" ]
Added edge: "_PERCENT _LCURLY _DIGITS _RCURLY" -> "_DIGITS" [ label="" ]
Added node: "_RCURLY" [ fillcolor="white" label="_RCURLY" ]
Added edge: "_PERCENT _LCURLY _DIGITS _RCURLY" -> "_RCURLY" [ label="" ]
--------------------------------------------------
Node:           _PLUS
Daughter count: 1 ~
Daughter stack: 1
	'+'
Adverb stack:   1
	
--------------------------------------------------
Added node: "'+'" [ fillcolor="white" label="'+'" ]
Added node: "_PLUS"
Added edge: "_PLUS" -> "'+'" [ label="" ]
--------------------------------------------------
Node:           PLUS
Daughter count: 1 ~
Daughter stack: 1
	_PERCENT, _PLUS
Adverb stack:   1
	
--------------------------------------------------
Added node: "_PERCENT _PLUS" [ fillcolor="white" label="_PERCENT _PLUS" ]
Added edge: "PLUS" -> "_PERCENT _PLUS" [ label="" ]
Added edge: "_PERCENT _PLUS" -> "_PERCENT" [ label="" ]
Added node: "_PLUS" [ fillcolor="white" label="_PLUS" ]
Added edge: "_PERCENT _PLUS" -> "_PLUS" [ label="" ]
--------------------------------------------------
Node:           _MINUS
Daughter count: 1 ~
Daughter stack: 1
	'-'
Adverb stack:   1
	
--------------------------------------------------
Added node: "'-'" [ fillcolor="white" label="'-'" ]
Added node: "_MINUS"
Added edge: "_MINUS" -> "'-'" [ label="" ]
--------------------------------------------------
Node:           MINUS
Daughter count: 1 ~
Daughter stack: 1
	_PERCENT, _MINUS
Adverb stack:   1
	
--------------------------------------------------
Added node: "_PERCENT _MINUS" [ fillcolor="white" label="_PERCENT _MINUS" ]
Added edge: "MINUS" -> "_PERCENT _MINUS" [ label="" ]
Added edge: "_PERCENT _MINUS" -> "_PERCENT" [ label="" ]
Added node: "_MINUS" [ fillcolor="white" label="_MINUS" ]
Added edge: "_PERCENT _MINUS" -> "_MINUS" [ label="" ]
--------------------------------------------------
Node:           _STAR
Daughter count: 1 ~
Daughter stack: 1
	'*'
Adverb stack:   1
	
--------------------------------------------------
Added node: "'*'" [ fillcolor="white" label="'*'" ]
Added node: "_STAR"
Added edge: "_STAR" -> "'*'" [ label="" ]
--------------------------------------------------
Node:           STAR
Daughter count: 1 ~
Daughter stack: 1
	_PERCENT, _STAR
Adverb stack:   1
	
--------------------------------------------------
Added node: "_PERCENT _STAR" [ fillcolor="white" label="_PERCENT _STAR" ]
Added edge: "STAR" -> "_PERCENT _STAR" [ label="" ]
Added edge: "_PERCENT _STAR" -> "_PERCENT" [ label="" ]
Added node: "_STAR" [ fillcolor="white" label="_STAR" ]
Added edge: "_PERCENT _STAR" -> "_STAR" [ label="" ]
--------------------------------------------------
Node:           _DIV
Daughter count: 1 ~
Daughter stack: 1
	'/'
Adverb stack:   1
	
--------------------------------------------------
Added node: "'/'" [ fillcolor="white" label="'/'" ]
Added node: "_DIV"
Added edge: "_DIV" -> "'/'" [ label="" ]
--------------------------------------------------
Node:           DIV
Daughter count: 1 ~
Daughter stack: 1
	_PERCENT, _DIV
Adverb stack:   1
	
--------------------------------------------------
Added node: "_PERCENT _DIV" [ fillcolor="white" label="_PERCENT _DIV" ]
Added edge: "DIV" -> "_PERCENT _DIV" [ label="" ]
Added edge: "_PERCENT _DIV" -> "_PERCENT" [ label="" ]
Added node: "_DIV" [ fillcolor="white" label="_DIV" ]
Added edge: "_PERCENT _DIV" -> "_DIV" [ label="" ]
--------------------------------------------------
Node:           _MOD
Daughter count: 1 ~
Daughter stack: 1
	'm'
Adverb stack:   1
	
--------------------------------------------------
Added node: "'m'" [ fillcolor="white" label="'m'" ]
Added node: "_MOD"
Added edge: "_MOD" -> "'m'" [ label="" ]
--------------------------------------------------
Node:           MOD
Daughter count: 1 ~
Daughter stack: 1
	_PERCENT, _MOD
Adverb stack:   1
	
--------------------------------------------------
Added node: "_PERCENT _MOD" [ fillcolor="white" label="_PERCENT _MOD" ]
Added edge: "MOD" -> "_PERCENT _MOD" [ label="" ]
Added edge: "_PERCENT _MOD" -> "_PERCENT" [ label="" ]
Added node: "_MOD" [ fillcolor="white" label="_MOD" ]
Added edge: "_PERCENT _MOD" -> "_MOD" [ label="" ]
--------------------------------------------------
Node:           _BITAND
Daughter count: 1 ~
Daughter stack: 1
	'&'
Adverb stack:   1
	
--------------------------------------------------
Added node: "'&'" [ fillcolor="white" label="'&'" ]
Added node: "_BITAND"
Added edge: "_BITAND" -> "'&'" [ label="" ]
--------------------------------------------------
Node:           BITAND
Daughter count: 1 ~
Daughter stack: 1
	_PERCENT, _BITAND
Adverb stack:   1
	
--------------------------------------------------
Added node: "_PERCENT _BITAND" [ fillcolor="white" label="_PERCENT _BITAND" ]
Added edge: "BITAND" -> "_PERCENT _BITAND" [ label="" ]
Added edge: "_PERCENT _BITAND" -> "_PERCENT" [ label="" ]
Added node: "_BITAND" [ fillcolor="white" label="_BITAND" ]
Added edge: "_PERCENT _BITAND" -> "_BITAND" [ label="" ]
--------------------------------------------------
Node:           _BITOR
Daughter count: 1 ~
Daughter stack: 1
	'|'
Adverb stack:   1
	
--------------------------------------------------
Added node: "'|'" [ fillcolor="white" label="'|'" ]
Added node: "_BITOR"
Added edge: "_BITOR" -> "'|'" [ label="" ]
--------------------------------------------------
Node:           BITOR
Daughter count: 1 ~
Daughter stack: 1
	_PERCENT, _BITOR
Adverb stack:   1
	
--------------------------------------------------
Added node: "_PERCENT _BITOR" [ fillcolor="white" label="_PERCENT _BITOR" ]
Added edge: "BITOR" -> "_PERCENT _BITOR" [ label="" ]
Added edge: "_PERCENT _BITOR" -> "_PERCENT" [ label="" ]
Added node: "_BITOR" [ fillcolor="white" label="_BITOR" ]
Added edge: "_PERCENT _BITOR" -> "_BITOR" [ label="" ]
--------------------------------------------------
Node:           _BITXOR
Daughter count: 1 ~
Daughter stack: 1
	'^'
Adverb stack:   1
	
--------------------------------------------------
Added node: "'^'" [ fillcolor="white" label="'^'" ]
Added node: "_BITXOR"
Added edge: "_BITXOR" -> "'^'" [ label="" ]
--------------------------------------------------
Node:           BITXOR
Daughter count: 1 ~
Daughter stack: 1
	_PERCENT, _BITXOR
Adverb stack:   1
	
--------------------------------------------------
Added node: "_PERCENT _BITXOR" [ fillcolor="white" label="_PERCENT _BITXOR" ]
Added edge: "BITXOR" -> "_PERCENT _BITXOR" [ label="" ]
Added edge: "_PERCENT _BITXOR" -> "_PERCENT" [ label="" ]
Added node: "_BITXOR" [ fillcolor="white" label="_BITXOR" ]
Added edge: "_PERCENT _BITXOR" -> "_BITXOR" [ label="" ]
--------------------------------------------------
Node:           _EQUAL
Daughter count: 1 ~
Daughter stack: 1
	'='
Adverb stack:   1
	
--------------------------------------------------
Added node: "'='" [ fillcolor="white" label="'='" ]
Added node: "_EQUAL"
Added edge: "_EQUAL" -> "'='" [ label="" ]
--------------------------------------------------
Node:           EQUAL
Daughter count: 1 ~
Daughter stack: 1
	_PERCENT, _EQUAL
Adverb stack:   1
	
--------------------------------------------------
Added node: "_PERCENT _EQUAL" [ fillcolor="white" label="_PERCENT _EQUAL" ]
Added edge: "EQUAL" -> "_PERCENT _EQUAL" [ label="" ]
Added edge: "_PERCENT _EQUAL" -> "_PERCENT" [ label="" ]
Added node: "_EQUAL" [ fillcolor="white" label="_EQUAL" ]
Added edge: "_PERCENT _EQUAL" -> "_EQUAL" [ label="" ]
--------------------------------------------------
Node:           _GREATER
Daughter count: 1 ~
Daughter stack: 1
	'\>'
Adverb stack:   1
	
--------------------------------------------------
Added node: "'\>'" [ fillcolor="white" label="'\>'" ]
Added node: "_GREATER"
Added edge: "_GREATER" -> "'\>'" [ label="" ]
--------------------------------------------------
Node:           GREATER
Daughter count: 1 ~
Daughter stack: 1
	_PERCENT, _GREATER
Adverb stack:   1
	
--------------------------------------------------
Added node: "_PERCENT _GREATER" [ fillcolor="white" label="_PERCENT _GREATER" ]
Added edge: "GREATER" -> "_PERCENT _GREATER" [ label="" ]
Added edge: "_PERCENT _GREATER" -> "_PERCENT" [ label="" ]
Added node: "_GREATER" [ fillcolor="white" label="_GREATER" ]
Added edge: "_PERCENT _GREATER" -> "_GREATER" [ label="" ]
--------------------------------------------------
Node:           _LOWER
Daughter count: 1 ~
Daughter stack: 1
	'\<'
Adverb stack:   1
	
--------------------------------------------------
Added node: "'\<'" [ fillcolor="white" label="'\<'" ]
Added node: "_LOWER"
Added edge: "_LOWER" -> "'\<'" [ label="" ]
--------------------------------------------------
Node:           LOWER
Daughter count: 1 ~
Daughter stack: 1
	_PERCENT, _LOWER
Adverb stack:   1
	
--------------------------------------------------
Added node: "_PERCENT _LOWER" [ fillcolor="white" label="_PERCENT _LOWER" ]
Added edge: "LOWER" -> "_PERCENT _LOWER" [ label="" ]
Added edge: "_PERCENT _LOWER" -> "_PERCENT" [ label="" ]
Added node: "_LOWER" [ fillcolor="white" label="_LOWER" ]
Added edge: "_PERCENT _LOWER" -> "_LOWER" [ label="" ]
--------------------------------------------------
Node:           _AND
Daughter count: 1 ~
Daughter stack: 1
	'A'
Adverb stack:   1
	
--------------------------------------------------
Added node: "'A'" [ fillcolor="white" label="'A'" ]
Added node: "_AND"
Added edge: "_AND" -> "'A'" [ label="" ]
--------------------------------------------------
Node:           AND
Daughter count: 1 ~
Daughter stack: 1
	_PERCENT, _AND
Adverb stack:   1
	
--------------------------------------------------
Added node: "_PERCENT _AND" [ fillcolor="white" label="_PERCENT _AND" ]
Added edge: "AND" -> "_PERCENT _AND" [ label="" ]
Added edge: "_PERCENT _AND" -> "_PERCENT" [ label="" ]
Added node: "_AND" [ fillcolor="white" label="_AND" ]
Added edge: "_PERCENT _AND" -> "_AND" [ label="" ]
--------------------------------------------------
Node:           _OR
Daughter count: 1 ~
Daughter stack: 1
	'O'
Adverb stack:   1
	
--------------------------------------------------
Added node: "'O'" [ fillcolor="white" label="'O'" ]
Added node: "_OR"
Added edge: "_OR" -> "'O'" [ label="" ]
--------------------------------------------------
Node:           OR
Daughter count: 1 ~
Daughter stack: 1
	_PERCENT, _OR
Adverb stack:   1
	
--------------------------------------------------
Added node: "_PERCENT _OR" [ fillcolor="white" label="_PERCENT _OR" ]
Added edge: "OR" -> "_PERCENT _OR" [ label="" ]
Added edge: "_PERCENT _OR" -> "_PERCENT" [ label="" ]
Added node: "_OR" [ fillcolor="white" label="_OR" ]
Added edge: "_PERCENT _OR" -> "_OR" [ label="" ]
--------------------------------------------------
Node:           _NOT
Daughter count: 1 ~
Daughter stack: 1
	'!'
Adverb stack:   1
	
--------------------------------------------------
Added node: "'!'" [ fillcolor="white" label="'!'" ]
Added node: "_NOT"
Added edge: "_NOT" -> "'!'" [ label="" ]
--------------------------------------------------
Node:           NOT
Daughter count: 1 ~
Daughter stack: 1
	_PERCENT, _NOT
Adverb stack:   1
	
--------------------------------------------------
Added node: "_PERCENT _NOT" [ fillcolor="white" label="_PERCENT _NOT" ]
Added edge: "NOT" -> "_PERCENT _NOT" [ label="" ]
Added edge: "_PERCENT _NOT" -> "_PERCENT" [ label="" ]
Added node: "_NOT" [ fillcolor="white" label="_NOT" ]
Added edge: "_PERCENT _NOT" -> "_NOT" [ label="" ]
--------------------------------------------------
Node:           _COMPLEMENT
Daughter count: 1 ~
Daughter stack: 1
	'~'
Adverb stack:   1
	
--------------------------------------------------
Added node: "'~'" [ fillcolor="white" label="'~'" ]
Added node: "_COMPLEMENT"
Added edge: "_COMPLEMENT" -> "'~'" [ label="" ]
--------------------------------------------------
Node:           COMPLEMENT
Daughter count: 1 ~
Daughter stack: 1
	_PERCENT, _COMPLEMENT
Adverb stack:   1
	
--------------------------------------------------
Added node: "_PERCENT _COMPLEMENT" [ fillcolor="white" label="_PERCENT _COMPLEMENT" ]
Added edge: "COMPLEMENT" -> "_PERCENT _COMPLEMENT" [ label="" ]
Added edge: "_PERCENT _COMPLEMENT" -> "_PERCENT" [ label="" ]
Added node: "_COMPLEMENT" [ fillcolor="white" label="_COMPLEMENT" ]
Added edge: "_PERCENT _COMPLEMENT" -> "_COMPLEMENT" [ label="" ]
--------------------------------------------------
Node:           _ADDONE
Daughter count: 1 ~
Daughter stack: 1
	'i'
Adverb stack:   1
	
--------------------------------------------------
Added node: "'i'" [ fillcolor="white" label="'i'" ]
Added node: "_ADDONE"
Added edge: "_ADDONE" -> "'i'" [ label="" ]
--------------------------------------------------
Node:           ADDONE
Daughter count: 1 ~
Daughter stack: 1
	_PERCENT, _ADDONE
Adverb stack:   1
	
--------------------------------------------------
Added node: "_PERCENT _ADDONE" [ fillcolor="white" label="_PERCENT _ADDONE" ]
Added edge: "ADDONE" -> "_PERCENT _ADDONE" [ label="" ]
Added edge: "_PERCENT _ADDONE" -> "_PERCENT" [ label="" ]
Added node: "_ADDONE" [ fillcolor="white" label="_ADDONE" ]
Added edge: "_PERCENT _ADDONE" -> "_ADDONE" [ label="" ]
--------------------------------------------------
Node:           _IF
Daughter count: 1 ~
Daughter stack: 1
	'?'
Adverb stack:   1
	
--------------------------------------------------
Added node: "'?'" [ fillcolor="white" label="'?'" ]
Added node: "_IF"
Added edge: "_IF" -> "'?'" [ label="" ]
--------------------------------------------------
Node:           IF
Daughter count: 1 ~
Daughter stack: 1
	_PERCENT, _IF
Adverb stack:   1
	
--------------------------------------------------
Added node: "_PERCENT _IF" [ fillcolor="white" label="_PERCENT _IF" ]
Added edge: "IF" -> "_PERCENT _IF" [ label="" ]
Added edge: "_PERCENT _IF" -> "_PERCENT" [ label="" ]
Added node: "_IF" [ fillcolor="white" label="_IF" ]
Added edge: "_PERCENT _IF" -> "_IF" [ label="" ]
--------------------------------------------------
Node:           _THEN
Daughter count: 1 ~
Daughter stack: 1
	't'
Adverb stack:   1
	
--------------------------------------------------
Added node: "'t'" [ fillcolor="white" label="'t'" ]
Added node: "_THEN"
Added edge: "_THEN" -> "'t'" [ label="" ]
--------------------------------------------------
Node:           THEN
Daughter count: 1 ~
Daughter stack: 1
	_PERCENT, _THEN
Adverb stack:   1
	
--------------------------------------------------
Added node: "_PERCENT _THEN" [ fillcolor="white" label="_PERCENT _THEN" ]
Added edge: "THEN" -> "_PERCENT _THEN" [ label="" ]
Added edge: "_PERCENT _THEN" -> "_PERCENT" [ label="" ]
Added node: "_THEN" [ fillcolor="white" label="_THEN" ]
Added edge: "_PERCENT _THEN" -> "_THEN" [ label="" ]
--------------------------------------------------
Node:           _ELSE
Daughter count: 1 ~
Daughter stack: 1
	'e'
Adverb stack:   1
	
--------------------------------------------------
Added node: "'e'" [ fillcolor="white" label="'e'" ]
Added node: "_ELSE"
Added edge: "_ELSE" -> "'e'" [ label="" ]
--------------------------------------------------
Node:           ELSE
Daughter count: 1 ~
Daughter stack: 1
	_PERCENT, _ELSE
Adverb stack:   1
	
--------------------------------------------------
Added node: "_PERCENT _ELSE" [ fillcolor="white" label="_PERCENT _ELSE" ]
Added edge: "ELSE" -> "_PERCENT _ELSE" [ label="" ]
Added edge: "_PERCENT _ELSE" -> "_PERCENT" [ label="" ]
Added node: "_ELSE" [ fillcolor="white" label="_ELSE" ]
Added edge: "_PERCENT _ELSE" -> "_ELSE" [ label="" ]
--------------------------------------------------
Node:           _ENDIF
Daughter count: 1 ~
Daughter stack: 1
	';'
Adverb stack:   1
	
--------------------------------------------------
Added node: "';'" [ fillcolor="white" label="';'" ]
Added node: "_ENDIF"
Added edge: "_ENDIF" -> "';'" [ label="" ]
--------------------------------------------------
Node:           ENDIF
Daughter count: 1 ~
Daughter stack: 1
	_PERCENT, _ENDIF
Adverb stack:   1
	
--------------------------------------------------
Added node: "_PERCENT _ENDIF" [ fillcolor="white" label="_PERCENT _ENDIF" ]
Added edge: "ENDIF" -> "_PERCENT _ENDIF" [ label="" ]
Added edge: "_PERCENT _ENDIF" -> "_PERCENT" [ label="" ]
Added node: "_ENDIF" [ fillcolor="white" label="_ENDIF" ]
Added edge: "_PERCENT _ENDIF" -> "_ENDIF" [ label="" ]
--------------------------------------------------
Node:           _EOF
Daughter count: 1 ~
Daughter stack: 1
	','
Adverb stack:   1
	
--------------------------------------------------
Added node: "','" [ fillcolor="white" label="','" ]
Added node: "_EOF"
Added edge: "_EOF" -> "','" [ label="" ]
--------------------------------------------------
Node:           ENDIF
Daughter count: 1 ~
Daughter stack: 1
	_EOF
Adverb stack:   1
	
--------------------------------------------------
Added node: "_EOF" [ fillcolor="white" label="_EOF" ]
Added edge: "ENDIF" -> "_EOF" [ label="" ]
--------------------------------------------------
Node:           _CARET
Daughter count: 1 ~
Daughter stack: 1
	'^'
Adverb stack:   1
	
--------------------------------------------------
Added node: "_CARET"
Added edge: "_CARET" -> "'^'" [ label="" ]
--------------------------------------------------
Node:           _BS
Daughter count: 1 ~
Daughter stack: 1
	'\\'
Adverb stack:   1
	
--------------------------------------------------
Added node: "'\\'" [ fillcolor="white" label="'\\'" ]
Added edge: "_BS" -> "'\\'" [ label="" ]
--------------------------------------------------
Node:           _ALLOWED_BS
Daughter count: 1 ~
Daughter stack: 1
	[abEeflnrst^\\,꞉0]
Adverb stack:   1
	
--------------------------------------------------
Added node: "[abEeflnrst^\\,꞉0]" [ fillcolor="white" label="\[abEeflnrst^\\,꞉0\]" ]
Added edge: "_ALLOWED_BS" -> "[abEeflnrst^\\,꞉0]" [ label="" ]
--------------------------------------------------
Node:           _ALLOWED_BS
Daughter count: 1 ~
Daughter stack: 1
	_DIGIT, _DIGIT, _DIGIT
Adverb stack:   1
	
--------------------------------------------------
Added node: "_DIGIT _DIGIT _DIGIT" [ fillcolor="white" label="_DIGIT _DIGIT _DIGIT" ]
Added edge: "_ALLOWED_BS" -> "_DIGIT _DIGIT _DIGIT" [ label="" ]
Added edge: "_DIGIT _DIGIT _DIGIT" -> "_DIGIT" [ label="" ]
Added edge: "_DIGIT _DIGIT _DIGIT" -> "_DIGIT" [ label="" ]
Added edge: "_DIGIT _DIGIT _DIGIT" -> "_DIGIT" [ label="" ]
--------------------------------------------------
Node:           _C0_AND_DEL
Daughter count: 1 ~
Daughter stack: 1
	[@A-Z[\\]^_ ?]
Adverb stack:   1
	
--------------------------------------------------
Added node: "[@A-Z[\\]^_ ?]" [ fillcolor="white" label="\[@A-Z\[\\]^_ ?\]" ]
Added node: "_C0_AND_DEL"
Added edge: "_C0_AND_DEL" -> "[@A-Z[\\]^_ ?]" [ label="" ]
--------------------------------------------------
Node:           ESCAPED_CHARACTER
Daughter count: 1 ~
Daughter stack: 2
	_CARET, _C0_AND_DEL
	_BS, _ALLOWED_BS
Adverb stack:   2
	
	
--------------------------------------------------
Added node: "_CARET _C0_AND_DEL" [ fillcolor="white" label="_CARET _C0_AND_DEL" ]
Added edge: "ESCAPED_CHARACTER" -> "_CARET _C0_AND_DEL" [ label="" ]
Added node: "_CARET" [ fillcolor="white" label="_CARET" ]
Added edge: "_CARET _C0_AND_DEL" -> "_CARET" [ label="" ]
Added node: "_C0_AND_DEL" [ fillcolor="white" label="_C0_AND_DEL" ]
Added edge: "_CARET _C0_AND_DEL" -> "_C0_AND_DEL" [ label="" ]
Added edge: "ESCAPED_CHARACTER" -> "_BS _ALLOWED_BS" [ label="" ]
Added edge: "_BS _ALLOWED_BS" -> "_BS" [ label="" ]
Added edge: "_BS _ALLOWED_BS" -> "_ALLOWED_BS" [ label="" ]
--------------------------------------------------
Node:           INISPRINTEXCEPTCOMMA
Daughter count: 1 ~
Daughter stack: 1
	[\\p{MarpaX꞉꞉Database꞉꞉Terminfo꞉꞉Grammar꞉꞉CharacterClasses꞉꞉InIsPrintExceptComma}]
Adverb stack:   1
	
--------------------------------------------------
Added node: "[\\p{MarpaX꞉꞉Database꞉꞉Terminfo꞉꞉Grammar꞉꞉CharacterClasses꞉꞉InIsPrintExceptComma}]" [ fillcolor="white" label="\[\\p{MarpaX꞉꞉Database꞉꞉Terminfo꞉꞉Grammar꞉꞉CharacterClasses꞉꞉InIsPrintExceptComma}\]" ]
Added edge: "INISPRINTEXCEPTCOMMA" -> "[\\p{MarpaX꞉꞉Database꞉꞉Terminfo꞉꞉Grammar꞉꞉CharacterClasses꞉꞉InIsPrintExceptComma}]" [ label="" ]
--------------------------------------------------
Node:           EOF
Daughter count: 1 ~
Daughter stack: 1
	_EOF
Adverb stack:   1
	
--------------------------------------------------
Added edge: "EOF" -> "_EOF" [ label="" ]
Driver: /usr/local/bin/dot. Output file: html/termcap.info.svg. Format: svg. Timeout: 10 second(s)

digraph Perl
{
graph [ label="termcap.info.bnf" rankdir="TB" ]
node [ shape="rectangle" style="filled" ]
edge [ color="grey" ]
"units" [ fillcolor="lightgreen" label="{:start|units}" shape="Mrecord" ]
"꞉default" [ fillcolor="lightblue" label="꞉default" ]
"units" -> "꞉default" [ label="" ]
"꞉default_1" [ fillcolor="lightblue" label="{action =\> \[values\]}" shape="Mrecord" ]
"꞉default" -> "꞉default_1" [ label="" ]
"unit" [ fillcolor="white" label="unit" ]
"units" -> "unit" [ label="" ]
"ESCAPED_CHARACTER" [ fillcolor="white" label="ESCAPED_CHARACTER" ]
"unit" -> "ESCAPED_CHARACTER" [ label="" ]
"ESCAPED_CHARACTER_0" [ fillcolor="gold" label="{action =\> addEscapedCharacterToRc}" shape="Mrecord" ]
"ESCAPED_CHARACTER" -> "ESCAPED_CHARACTER_0" [ label="" ]
"INISPRINTEXCEPTCOMMA" [ fillcolor="white" label="INISPRINTEXCEPTCOMMA" ]
"unit" -> "INISPRINTEXCEPTCOMMA" [ label="" ]
"INISPRINTEXCEPTCOMMA_0" [ fillcolor="gold" label="{action =\> addCharacterToRc}" shape="Mrecord" ]
"INISPRINTEXCEPTCOMMA" -> "INISPRINTEXCEPTCOMMA_0" [ label="" ]
"PERCENT" [ fillcolor="white" label="PERCENT" ]
"unit" -> "PERCENT" [ label="" ]
"PERCENT_0" [ fillcolor="gold" label="{action =\> addPercentToRc}" shape="Mrecord" ]
"PERCENT" -> "PERCENT_0" [ label="" ]
"C" [ fillcolor="white" label="C" ]
"unit" -> "C" [ label="" ]
"C_0" [ fillcolor="gold" label="{action =\> addPrintPopToRc}" shape="Mrecord" ]
"C" -> "C_0" [ label="" ]
"PRINT" [ fillcolor="white" label="PRINT" ]
"unit" -> "PRINT" [ label="" ]
"PRINT_0" [ fillcolor="gold" label="{action =\> addPrintToRc}" shape="Mrecord" ]
"PRINT" -> "PRINT_0" [ label="" ]
"PUSH" [ fillcolor="white" label="PUSH" ]
"unit" -> "PUSH" [ label="" ]
"PUSH_0" [ fillcolor="gold" label="{action =\> addPushToRc}" shape="Mrecord" ]
"PUSH" -> "PUSH_0" [ label="" ]
"DYNPOP" [ fillcolor="white" label="DYNPOP" ]
"unit" -> "DYNPOP" [ label="" ]
"DYNPOP_0" [ fillcolor="gold" label="{action =\> addDynPop}" shape="Mrecord" ]
"DYNPOP" -> "DYNPOP_0" [ label="" ]
"DYNPUSH" [ fillcolor="white" label="DYNPUSH" ]
"unit" -> "DYNPUSH" [ label="" ]
"DYNPUSH_0" [ fillcolor="gold" label="{action =\> addDynPush}" shape="Mrecord" ]
"DYNPUSH" -> "DYNPUSH_0" [ label="" ]
"STATICPOP" [ fillcolor="white" label="STATICPOP" ]
"unit" -> "STATICPOP" [ label="" ]
"STATICPOP_0" [ fillcolor="gold" label="{action =\> addStaticPop}" shape="Mrecord" ]
"STATICPOP" -> "STATICPOP_0" [ label="" ]
"STATICPUSH" [ fillcolor="white" label="STATICPUSH" ]
"unit" -> "STATICPUSH" [ label="" ]
"STATICPUSH_0" [ fillcolor="gold" label="{action =\> addStaticPush}" shape="Mrecord" ]
"STATICPUSH" -> "STATICPUSH_0" [ label="" ]
"L" [ fillcolor="white" label="L" ]
"unit" -> "L" [ label="" ]
"L_0" [ fillcolor="gold" label="{action =\> addL}" shape="Mrecord" ]
"L" -> "L_0" [ label="" ]
"PUSHCONST" [ fillcolor="white" label="PUSHCONST" ]
"unit" -> "PUSHCONST" [ label="" ]
"PUSHCONST_0" [ fillcolor="gold" label="{action =\> addPushConst}" shape="Mrecord" ]
"PUSHCONST" -> "PUSHCONST_0" [ label="" ]
"PUSHINT" [ fillcolor="white" label="PUSHINT" ]
"unit" -> "PUSHINT" [ label="" ]
"PUSHINT_0" [ fillcolor="gold" label="{action =\> addPushInt}" shape="Mrecord" ]
"PUSHINT" -> "PUSHINT_0" [ label="" ]
"PLUS" [ fillcolor="white" label="PLUS" ]
"unit" -> "PLUS" [ label="" ]
"PLUS_0" [ fillcolor="gold" label="{action =\> addPlus}" shape="Mrecord" ]
"PLUS" -> "PLUS_0" [ label="" ]
"MINUS" [ fillcolor="white" label="MINUS" ]
"unit" -> "MINUS" [ label="" ]
"MINUS_0" [ fillcolor="gold" label="{action =\> addMinus}" shape="Mrecord" ]
"MINUS" -> "MINUS_0" [ label="" ]
"STAR" [ fillcolor="white" label="STAR" ]
"unit" -> "STAR" [ label="" ]
"STAR_0" [ fillcolor="gold" label="{action =\> addStar}" shape="Mrecord" ]
"STAR" -> "STAR_0" [ label="" ]
"DIV" [ fillcolor="white" label="DIV" ]
"unit" -> "DIV" [ label="" ]
"DIV_0" [ fillcolor="gold" label="{action =\> addDiv}" shape="Mrecord" ]
"DIV" -> "DIV_0" [ label="" ]
"MOD" [ fillcolor="white" label="MOD" ]
"unit" -> "MOD" [ label="" ]
"MOD_0" [ fillcolor="gold" label="{action =\> addMod}" shape="Mrecord" ]
"MOD" -> "MOD_0" [ label="" ]
"BITAND" [ fillcolor="white" label="BITAND" ]
"unit" -> "BITAND" [ label="" ]
"BITAND_0" [ fillcolor="gold" label="{action =\> addBitAnd}" shape="Mrecord" ]
"BITAND" -> "BITAND_0" [ label="" ]
"BITOR" [ fillcolor="white" label="BITOR" ]
"unit" -> "BITOR" [ label="" ]
"BITOR_0" [ fillcolor="gold" label="{action =\> addBitOr}" shape="Mrecord" ]
"BITOR" -> "BITOR_0" [ label="" ]
"BITXOR" [ fillcolor="white" label="BITXOR" ]
"unit" -> "BITXOR" [ label="" ]
"BITXOR_0" [ fillcolor="gold" label="{action =\> addBitXor}" shape="Mrecord" ]
"BITXOR" -> "BITXOR_0" [ label="" ]
"EQUAL" [ fillcolor="white" label="EQUAL" ]
"unit" -> "EQUAL" [ label="" ]
"EQUAL_0" [ fillcolor="gold" label="{action =\> addEqual}" shape="Mrecord" ]
"EQUAL" -> "EQUAL_0" [ label="" ]
"GREATER" [ fillcolor="white" label="GREATER" ]
"unit" -> "GREATER" [ label="" ]
"GREATER_0" [ fillcolor="gold" label="{action =\> addGreater}" shape="Mrecord" ]
"GREATER" -> "GREATER_0" [ label="" ]
"LOWER" [ fillcolor="white" label="LOWER" ]
"unit" -> "LOWER" [ label="" ]
"LOWER_0" [ fillcolor="gold" label="{action =\> addLower}" shape="Mrecord" ]
"LOWER" -> "LOWER_0" [ label="" ]
"AND" [ fillcolor="white" label="AND" ]
"unit" -> "AND" [ label="" ]
"AND_0" [ fillcolor="gold" label="{action =\> addLogicalAnd}" shape="Mrecord" ]
"AND" -> "AND_0" [ label="" ]
"OR" [ fillcolor="white" label="OR" ]
"unit" -> "OR" [ label="" ]
"OR_0" [ fillcolor="gold" label="{action =\> addLogicalOr}" shape="Mrecord" ]
"OR" -> "OR_0" [ label="" ]
"NOT" [ fillcolor="white" label="NOT" ]
"unit" -> "NOT" [ label="" ]
"NOT_0" [ fillcolor="gold" label="{action =\> addNot}" shape="Mrecord" ]
"NOT" -> "NOT_0" [ label="" ]
"COMPLEMENT" [ fillcolor="white" label="COMPLEMENT" ]
"unit" -> "COMPLEMENT" [ label="" ]
"COMPLEMENT_0" [ fillcolor="gold" label="{action =\> addComplement}" shape="Mrecord" ]
"COMPLEMENT" -> "COMPLEMENT_0" [ label="" ]
"ADDONE" [ fillcolor="white" label="ADDONE" ]
"unit" -> "ADDONE" [ label="" ]
"ADDONE_0" [ fillcolor="gold" label="{action =\> addOneToParams}" shape="Mrecord" ]
"ADDONE" -> "ADDONE_0" [ label="" ]
"IF units THEN units elifUnits ELSE units ENDIF" [ fillcolor="white" label="IF units THEN units elifUnits ELSE units ENDIF" ]
"unit" -> "IF units THEN units elifUnits ELSE units ENDIF" [ label="" ]
"IF" [ fillcolor="white" label="IF" ]
"IF units THEN units elifUnits ELSE units ENDIF" -> "IF" [ label="" ]
"IF_0" [ fillcolor="gold" label="{action =\> addIfThenElse}" shape="Mrecord" ]
"IF" -> "IF_0" [ label="" ]
"IF units THEN units elifUnits ELSE units ENDIF" -> "units" [ label="" ]
"THEN" [ fillcolor="white" label="THEN" ]
"IF units THEN units elifUnits ELSE units ENDIF" -> "THEN" [ label="" ]
"IF units THEN units elifUnits ELSE units ENDIF" -> "units" [ label="" ]
"elifUnits" [ fillcolor="white" label="elifUnits" ]
"IF units THEN units elifUnits ELSE units ENDIF" -> "elifUnits" [ label="" ]
"ELSE" [ fillcolor="white" label="ELSE" ]
"IF units THEN units elifUnits ELSE units ENDIF" -> "ELSE" [ label="" ]
"IF units THEN units elifUnits ELSE units ENDIF" -> "units" [ label="" ]
"ENDIF" [ fillcolor="white" label="ENDIF" ]
"IF units THEN units elifUnits ELSE units ENDIF" -> "ENDIF" [ label="" ]
"IF units THEN units elifUnits ENDIF" [ fillcolor="white" label="IF units THEN units elifUnits ENDIF" ]
"unit" -> "IF units THEN units elifUnits ENDIF" [ label="" ]
"IF units THEN units elifUnits ENDIF" -> "IF" [ label="" ]
"IF" -> "IF_0" [ label="" ]
"IF units THEN units elifUnits ENDIF" -> "units" [ label="" ]
"IF units THEN units elifUnits ENDIF" -> "THEN" [ label="" ]
"IF units THEN units elifUnits ENDIF" -> "units" [ label="" ]
"IF units THEN units elifUnits ENDIF" -> "elifUnits" [ label="" ]
"IF units THEN units elifUnits ENDIF" -> "ENDIF" [ label="" ]
"IF ENDIF" [ fillcolor="white" label="IF ENDIF" ]
"unit" -> "IF ENDIF" [ label="" ]
"IF ENDIF" -> "IF" [ label="" ]
"IF" -> "IF_0" [ label="" ]
"IF ENDIF" -> "ENDIF" [ label="" ]
"EOF" [ fillcolor="white" label="EOF" ]
"unit" -> "EOF" [ label="" ]
"EOF_0" [ fillcolor="gold" label="{action =\> eof}" shape="Mrecord" ]
"EOF" -> "EOF_0" [ label="" ]
"ELSE units THEN units" [ fillcolor="white" label="ELSE units THEN units" ]
"elifUnit"
"elifUnit" -> "ELSE units THEN units" [ label="" ]
"ELSE units THEN units" -> "ELSE" [ label="" ]
"ELSE_0" [ fillcolor="gold" label="{action =\> elifUnit}" shape="Mrecord" ]
"ELSE" -> "ELSE_0" [ label="" ]
"ELSE units THEN units" -> "units" [ label="" ]
"ELSE units THEN units" -> "THEN" [ label="" ]
"ELSE units THEN units" -> "units" [ label="" ]
"elifUnit" [ fillcolor="white" label="elifUnit" ]
"elifUnits" -> "elifUnit" [ label="" ]
"[^']" [ fillcolor="white" label="\[^'\]" ]
"_CONST"
"_CONST" -> "[^']" [ label="" ]
"_BS _ALLOWED_BS" [ fillcolor="white" label="_BS _ALLOWED_BS" ]
"_CONST" -> "_BS _ALLOWED_BS" [ label="" ]
"_BS" [ fillcolor="white" label="_BS" ]
"_BS _ALLOWED_BS" -> "_BS" [ label="" ]
"_ALLOWED_BS" [ fillcolor="white" label="_ALLOWED_BS" ]
"_BS _ALLOWED_BS" -> "_ALLOWED_BS" [ label="" ]
"[\\d]" [ fillcolor="white" label="\[\\d\]" ]
"_DIGITS"
"_DIGITS" -> "[\\d]" [ label="" ]
"_DIGIT"
"_DIGIT" -> "[\\d]" [ label="" ]
"[a-z]" [ fillcolor="white" label="\[a-z\]" ]
"_LCHAR"
"_LCHAR" -> "[a-z]" [ label="" ]
"[A-Z]" [ fillcolor="white" label="\[A-Z\]" ]
"_UCHAR"
"_UCHAR" -> "[A-Z]" [ label="" ]
"'%'" [ fillcolor="white" label="'%'" ]
"_PERCENT"
"_PERCENT" -> "'%'" [ label="" ]
"_PERCENT _PERCENT" [ fillcolor="white" label="_PERCENT _PERCENT" ]
"PERCENT" -> "_PERCENT _PERCENT" [ label="" ]
"_PERCENT" [ fillcolor="white" label="_PERCENT" ]
"_PERCENT _PERCENT" -> "_PERCENT" [ label="" ]
"_PERCENT _PERCENT" -> "_PERCENT" [ label="" ]
"'c'" [ fillcolor="white" label="'c'" ]
"_C"
"_C" -> "'c'" [ label="" ]
"_PERCENT _C" [ fillcolor="white" label="_PERCENT _C" ]
"C" -> "_PERCENT _C" [ label="" ]
"_PERCENT _C" -> "_PERCENT" [ label="" ]
"_C" [ fillcolor="white" label="_C" ]
"_PERCENT _C" -> "_C" [ label="" ]
"'꞉'" [ fillcolor="white" label="'꞉'" ]
"_COLON"
"_COLON" -> "'꞉'" [ label="" ]
"'.'" [ fillcolor="white" label="'.'" ]
"_DOT"
"_DOT" -> "'.'" [ label="" ]
"[-+# ]" [ fillcolor="white" label="\[-+# \]" ]
"__FLAGS"
"__FLAGS" -> "[-+# ]" [ label="" ]
"_COLON __FLAGS" [ fillcolor="white" label="_COLON __FLAGS" ]
"_FLAGS"
"_FLAGS" -> "_COLON __FLAGS" [ label="" ]
"_COLON" [ fillcolor="white" label="_COLON" ]
"_COLON __FLAGS" -> "_COLON" [ label="" ]
"__FLAGS" [ fillcolor="white" label="__FLAGS" ]
"_COLON __FLAGS" -> "__FLAGS" [ label="" ]
"_FLAGS" -> "__FLAGS" [ label="" ]
"[doxXs]" [ fillcolor="white" label="\[doxXs\]" ]
"_FORMAT"
"_FORMAT" -> "[doxXs]" [ label="" ]
"_PERCENT _FORMAT" [ fillcolor="white" label="_PERCENT _FORMAT" ]
"PRINT" -> "_PERCENT _FORMAT" [ label="" ]
"_PERCENT _FORMAT" -> "_PERCENT" [ label="" ]
"_FORMAT" [ fillcolor="white" label="_FORMAT" ]
"_PERCENT _FORMAT" -> "_FORMAT" [ label="" ]
"_PERCENT _DIGITS _FORMAT" [ fillcolor="white" label="_PERCENT _DIGITS _FORMAT" ]
"PRINT" -> "_PERCENT _DIGITS _FORMAT" [ label="" ]
"_PERCENT _DIGITS _FORMAT" -> "_PERCENT" [ label="" ]
"_DIGITS" [ fillcolor="white" label="_DIGITS" ]
"_PERCENT _DIGITS _FORMAT" -> "_DIGITS" [ label="" ]
"_PERCENT _DIGITS _FORMAT" -> "_FORMAT" [ label="" ]
"_PERCENT _DIGITS _DOT _DIGITS _FORMAT" [ fillcolor="white" label="_PERCENT _DIGITS _DOT _DIGITS _FORMAT" ]
"PRINT" -> "_PERCENT _DIGITS _DOT _DIGITS _FORMAT" [ label="" ]
"_PERCENT _DIGITS _DOT _DIGITS _FORMAT" -> "_PERCENT" [ label="" ]
"_PERCENT _DIGITS _DOT _DIGITS _FORMAT" -> "_DIGITS" [ label="" ]
"_DOT" [ fillcolor="white" label="_DOT" ]
"_PERCENT _DIGITS _DOT _DIGITS _FORMAT" -> "_DOT" [ label="" ]
"_PERCENT _DIGITS _DOT _DIGITS _FORMAT" -> "_DIGITS" [ label="" ]
"_PERCENT _DIGITS _DOT _DIGITS _FORMAT" -> "_FORMAT" [ label="" ]
"_PERCENT _FLAGS _FORMAT" [ fillcolor="white" label="_PERCENT _FLAGS _FORMAT" ]
"PRINT" -> "_PERCENT _FLAGS _FORMAT" [ label="" ]
"_PERCENT _FLAGS _FORMAT" -> "_PERCENT" [ label="" ]
"_FLAGS" [ fillcolor="white" label="_FLAGS" ]
"_PERCENT _FLAGS _FORMAT" -> "_FLAGS" [ label="" ]
"_PERCENT _FLAGS _FORMAT" -> "_FORMAT" [ label="" ]
"_PERCENT _FLAGS _DIGITS _FORMAT" [ fillcolor="white" label="_PERCENT _FLAGS _DIGITS _FORMAT" ]
"PRINT" -> "_PERCENT _FLAGS _DIGITS _FORMAT" [ label="" ]
"_PERCENT _FLAGS _DIGITS _FORMAT" -> "_PERCENT" [ label="" ]
"_PERCENT _FLAGS _DIGITS _FORMAT" -> "_FLAGS" [ label="" ]
"_PERCENT _FLAGS _DIGITS _FORMAT" -> "_DIGITS" [ label="" ]
"_PERCENT _FLAGS _DIGITS _FORMAT" -> "_FORMAT" [ label="" ]
"_PERCENT _FLAGS _DIGITS _DOT _DIGITS _FORMAT" [ fillcolor="white" label="_PERCENT _FLAGS _DIGITS _DOT _DIGITS _FORMAT" ]
"PRINT" -> "_PERCENT _FLAGS _DIGITS _DOT _DIGITS _FORMAT" [ label="" ]
"_PERCENT _FLAGS _DIGITS _DOT _DIGITS _FORMAT" -> "_PERCENT" [ label="" ]
"_PERCENT _FLAGS _DIGITS _DOT _DIGITS _FORMAT" -> "_FLAGS" [ label="" ]
"_PERCENT _FLAGS _DIGITS _DOT _DIGITS _FORMAT" -> "_DIGITS" [ label="" ]
"_PERCENT _FLAGS _DIGITS _DOT _DIGITS _FORMAT" -> "_DOT" [ label="" ]
"_PERCENT _FLAGS _DIGITS _DOT _DIGITS _FORMAT" -> "_DIGITS" [ label="" ]
"_PERCENT _FLAGS _DIGITS _DOT _DIGITS _FORMAT" -> "_FORMAT" [ label="" ]
"'%p' _DIGIT" [ fillcolor="white" label="'%p' _DIGIT" ]
"PUSH" -> "'%p' _DIGIT" [ label="" ]
"'%p'" [ fillcolor="white" label="'%p'" ]
"'%p' _DIGIT" -> "'%p'" [ label="" ]
"_DIGIT" [ fillcolor="white" label="_DIGIT" ]
"'%p' _DIGIT" -> "_DIGIT" [ label="" ]
"'%P' _LCHAR" [ fillcolor="white" label="'%P' _LCHAR" ]
"DYNPOP" -> "'%P' _LCHAR" [ label="" ]
"'%P'" [ fillcolor="white" label="'%P'" ]
"'%P' _LCHAR" -> "'%P'" [ label="" ]
"_LCHAR" [ fillcolor="white" label="_LCHAR" ]
"'%P' _LCHAR" -> "_LCHAR" [ label="" ]
"'%g' _LCHAR" [ fillcolor="white" label="'%g' _LCHAR" ]
"DYNPUSH" -> "'%g' _LCHAR" [ label="" ]
"'%g'" [ fillcolor="white" label="'%g'" ]
"'%g' _LCHAR" -> "'%g'" [ label="" ]
"'%g' _LCHAR" -> "_LCHAR" [ label="" ]
"'%P' _UCHAR" [ fillcolor="white" label="'%P' _UCHAR" ]
"STATICPOP" -> "'%P' _UCHAR" [ label="" ]
"'%P' _UCHAR" -> "'%P'" [ label="" ]
"_UCHAR" [ fillcolor="white" label="_UCHAR" ]
"'%P' _UCHAR" -> "_UCHAR" [ label="" ]
"'%g' _UCHAR" [ fillcolor="white" label="'%g' _UCHAR" ]
"STATICPUSH" -> "'%g' _UCHAR" [ label="" ]
"'%g' _UCHAR" -> "'%g'" [ label="" ]
"'%g' _UCHAR" -> "_UCHAR" [ label="" ]
"'ls'" [ fillcolor="white" label="'ls'" ]
"L" -> "'ls'" [ label="" ]
"[']" [ fillcolor="white" label="\['\]" ]
"_SQUOTE"
"_SQUOTE" -> "[']" [ label="" ]
"'%' _SQUOTE _CONST _SQUOTE" [ fillcolor="white" label="'%' _SQUOTE _CONST _SQUOTE" ]
"PUSHCONST" -> "'%' _SQUOTE _CONST _SQUOTE" [ label="" ]
"'%' _SQUOTE _CONST _SQUOTE" -> "'%'" [ label="" ]
"_SQUOTE" [ fillcolor="white" label="_SQUOTE" ]
"'%' _SQUOTE _CONST _SQUOTE" -> "_SQUOTE" [ label="" ]
"_CONST" [ fillcolor="white" label="_CONST" ]
"'%' _SQUOTE _CONST _SQUOTE" -> "_CONST" [ label="" ]
"'%' _SQUOTE _CONST _SQUOTE" -> "_SQUOTE" [ label="" ]
"'{'" [ fillcolor="white" label="'{'" ]
"_LCURLY"
"_LCURLY" -> "'{'" [ label="" ]
"'}'" [ fillcolor="white" label="'}'" ]
"_RCURLY"
"_RCURLY" -> "'}'" [ label="" ]
"_PERCENT _LCURLY _DIGITS _RCURLY" [ fillcolor="white" label="_PERCENT _LCURLY _DIGITS _RCURLY" ]
"PUSHINT" -> "_PERCENT _LCURLY _DIGITS _RCURLY" [ label="" ]
"_PERCENT _LCURLY _DIGITS _RCURLY" -> "_PERCENT" [ label="" ]
"_LCURLY" [ fillcolor="white" label="_LCURLY" ]
"_PERCENT _LCURLY _DIGITS _RCURLY" -> "_LCURLY" [ label="" ]
"_PERCENT _LCURLY _DIGITS _RCURLY" -> "_DIGITS" [ label="" ]
"_RCURLY" [ fillcolor="white" label="_RCURLY" ]
"_PERCENT _LCURLY _DIGITS _RCURLY" -> "_RCURLY" [ label="" ]
"'+'" [ fillcolor="white" label="'+'" ]
"_PLUS"
"_PLUS" -> "'+'" [ label="" ]
"_PERCENT _PLUS" [ fillcolor="white" label="_PERCENT _PLUS" ]
"PLUS" -> "_PERCENT _PLUS" [ label="" ]
"_PERCENT _PLUS" -> "_PERCENT" [ label="" ]
"_PLUS" [ fillcolor="white" label="_PLUS" ]
"_PERCENT _PLUS" -> "_PLUS" [ label="" ]
"'-'" [ fillcolor="white" label="'-'" ]
"_MINUS"
"_MINUS" -> "'-'" [ label="" ]
"_PERCENT _MINUS" [ fillcolor="white" label="_PERCENT _MINUS" ]
"MINUS" -> "_PERCENT _MINUS" [ label="" ]
"_PERCENT _MINUS" -> "_PERCENT" [ label="" ]
"_MINUS" [ fillcolor="white" label="_MINUS" ]
"_PERCENT _MINUS" -> "_MINUS" [ label="" ]
"'*'" [ fillcolor="white" label="'*'" ]
"_STAR"
"_STAR" -> "'*'" [ label="" ]
"_PERCENT _STAR" [ fillcolor="white" label="_PERCENT _STAR" ]
"STAR" -> "_PERCENT _STAR" [ label="" ]
"_PERCENT _STAR" -> "_PERCENT" [ label="" ]
"_STAR" [ fillcolor="white" label="_STAR" ]
"_PERCENT _STAR" -> "_STAR" [ label="" ]
"'/'" [ fillcolor="white" label="'/'" ]
"_DIV"
"_DIV" -> "'/'" [ label="" ]
"_PERCENT _DIV" [ fillcolor="white" label="_PERCENT _DIV" ]
"DIV" -> "_PERCENT _DIV" [ label="" ]
"_PERCENT _DIV" -> "_PERCENT" [ label="" ]
"_DIV" [ fillcolor="white" label="_DIV" ]
"_PERCENT _DIV" -> "_DIV" [ label="" ]
"'m'" [ fillcolor="white" label="'m'" ]
"_MOD"
"_MOD" -> "'m'" [ label="" ]
"_PERCENT _MOD" [ fillcolor="white" label="_PERCENT _MOD" ]
"MOD" -> "_PERCENT _MOD" [ label="" ]
"_PERCENT _MOD" -> "_PERCENT" [ label="" ]
"_MOD" [ fillcolor="white" label="_MOD" ]
"_PERCENT _MOD" -> "_MOD" [ label="" ]
"'&'" [ fillcolor="white" label="'&'" ]
"_BITAND"
"_BITAND" -> "'&'" [ label="" ]
"_PERCENT _BITAND" [ fillcolor="white" label="_PERCENT _BITAND" ]
"BITAND" -> "_PERCENT _BITAND" [ label="" ]
"_PERCENT _BITAND" -> "_PERCENT" [ label="" ]
"_BITAND" [ fillcolor="white" label="_BITAND" ]
"_PERCENT _BITAND" -> "_BITAND" [ label="" ]
"'|'" [ fillcolor="white" label="'|'" ]
"_BITOR"
"_BITOR" -> "'|'" [ label="" ]
"_PERCENT _BITOR" [ fillcolor="white" label="_PERCENT _BITOR" ]
"BITOR" -> "_PERCENT _BITOR" [ label="" ]
"_PERCENT _BITOR" -> "_PERCENT" [ label="" ]
"_BITOR" [ fillcolor="white" label="_BITOR" ]
"_PERCENT _BITOR" -> "_BITOR" [ label="" ]
"'^'" [ fillcolor="white" label="'^'" ]
"_BITXOR"
"_BITXOR" -> "'^'" [ label="" ]
"_PERCENT _BITXOR" [ fillcolor="white" label="_PERCENT _BITXOR" ]
"BITXOR" -> "_PERCENT _BITXOR" [ label="" ]
"_PERCENT _BITXOR" -> "_PERCENT" [ label="" ]
"_BITXOR" [ fillcolor="white" label="_BITXOR" ]
"_PERCENT _BITXOR" -> "_BITXOR" [ label="" ]
"'='" [ fillcolor="white" label="'='" ]
"_EQUAL"
"_EQUAL" -> "'='" [ label="" ]
"_PERCENT _EQUAL" [ fillcolor="white" label="_PERCENT _EQUAL" ]
"EQUAL" -> "_PERCENT _EQUAL" [ label="" ]
"_PERCENT _EQUAL" -> "_PERCENT" [ label="" ]
"_EQUAL" [ fillcolor="white" label="_EQUAL" ]
"_PERCENT _EQUAL" -> "_EQUAL" [ label="" ]
"'\>'" [ fillcolor="white" label="'\>'" ]
"_GREATER"
"_GREATER" -> "'\>'" [ label="" ]
"_PERCENT _GREATER" [ fillcolor="white" label="_PERCENT _GREATER" ]
"GREATER" -> "_PERCENT _GREATER" [ label="" ]
"_PERCENT _GREATER" -> "_PERCENT" [ label="" ]
"_GREATER" [ fillcolor="white" label="_GREATER" ]
"_PERCENT _GREATER" -> "_GREATER" [ label="" ]
"'\<'" [ fillcolor="white" label="'\<'" ]
"_LOWER"
"_LOWER" -> "'\<'" [ label="" ]
"_PERCENT _LOWER" [ fillcolor="white" label="_PERCENT _LOWER" ]
"LOWER" -> "_PERCENT _LOWER" [ label="" ]
"_PERCENT _LOWER" -> "_PERCENT" [ label="" ]
"_LOWER" [ fillcolor="white" label="_LOWER" ]
"_PERCENT _LOWER" -> "_LOWER" [ label="" ]
"'A'" [ fillcolor="white" label="'A'" ]
"_AND"
"_AND" -> "'A'" [ label="" ]
"_PERCENT _AND" [ fillcolor="white" label="_PERCENT _AND" ]
"AND" -> "_PERCENT _AND" [ label="" ]
"_PERCENT _AND" -> "_PERCENT" [ label="" ]
"_AND" [ fillcolor="white" label="_AND" ]
"_PERCENT _AND" -> "_AND" [ label="" ]
"'O'" [ fillcolor="white" label="'O'" ]
"_OR"
"_OR" -> "'O'" [ label="" ]
"_PERCENT _OR" [ fillcolor="white" label="_PERCENT _OR" ]
"OR" -> "_PERCENT _OR" [ label="" ]
"_PERCENT _OR" -> "_PERCENT" [ label="" ]
"_OR" [ fillcolor="white" label="_OR" ]
"_PERCENT _OR" -> "_OR" [ label="" ]
"'!'" [ fillcolor="white" label="'!'" ]
"_NOT"
"_NOT" -> "'!'" [ label="" ]
"_PERCENT _NOT" [ fillcolor="white" label="_PERCENT _NOT" ]
"NOT" -> "_PERCENT _NOT" [ label="" ]
"_PERCENT _NOT" -> "_PERCENT" [ label="" ]
"_NOT" [ fillcolor="white" label="_NOT" ]
"_PERCENT _NOT" -> "_NOT" [ label="" ]
"'~'" [ fillcolor="white" label="'~'" ]
"_COMPLEMENT"
"_COMPLEMENT" -> "'~'" [ label="" ]
"_PERCENT _COMPLEMENT" [ fillcolor="white" label="_PERCENT _COMPLEMENT" ]
"COMPLEMENT" -> "_PERCENT _COMPLEMENT" [ label="" ]
"_PERCENT _COMPLEMENT" -> "_PERCENT" [ label="" ]
"_COMPLEMENT" [ fillcolor="white" label="_COMPLEMENT" ]
"_PERCENT _COMPLEMENT" -> "_COMPLEMENT" [ label="" ]
"'i'" [ fillcolor="white" label="'i'" ]
"_ADDONE"
"_ADDONE" -> "'i'" [ label="" ]
"_PERCENT _ADDONE" [ fillcolor="white" label="_PERCENT _ADDONE" ]
"ADDONE" -> "_PERCENT _ADDONE" [ label="" ]
"_PERCENT _ADDONE" -> "_PERCENT" [ label="" ]
"_ADDONE" [ fillcolor="white" label="_ADDONE" ]
"_PERCENT _ADDONE" -> "_ADDONE" [ label="" ]
"'?'" [ fillcolor="white" label="'?'" ]
"_IF"
"_IF" -> "'?'" [ label="" ]
"_PERCENT _IF" [ fillcolor="white" label="_PERCENT _IF" ]
"IF" -> "_PERCENT _IF" [ label="" ]
"_PERCENT _IF" -> "_PERCENT" [ label="" ]
"_IF" [ fillcolor="white" label="_IF" ]
"_PERCENT _IF" -> "_IF" [ label="" ]
"'t'" [ fillcolor="white" label="'t'" ]
"_THEN"
"_THEN" -> "'t'" [ label="" ]
"_PERCENT _THEN" [ fillcolor="white" label="_PERCENT _THEN" ]
"THEN" -> "_PERCENT _THEN" [ label="" ]
"_PERCENT _THEN" -> "_PERCENT" [ label="" ]
"_THEN" [ fillcolor="white" label="_THEN" ]
"_PERCENT _THEN" -> "_THEN" [ label="" ]
"'e'" [ fillcolor="white" label="'e'" ]
"_ELSE"
"_ELSE" -> "'e'" [ label="" ]
"_PERCENT _ELSE" [ fillcolor="white" label="_PERCENT _ELSE" ]
"ELSE" -> "_PERCENT _ELSE" [ label="" ]
"_PERCENT _ELSE" -> "_PERCENT" [ label="" ]
"_ELSE" [ fillcolor="white" label="_ELSE" ]
"_PERCENT _ELSE" -> "_ELSE" [ label="" ]
"';'" [ fillcolor="white" label="';'" ]
"_ENDIF"
"_ENDIF" -> "';'" [ label="" ]
"_PERCENT _ENDIF" [ fillcolor="white" label="_PERCENT _ENDIF" ]
"ENDIF" -> "_PERCENT _ENDIF" [ label="" ]
"_PERCENT _ENDIF" -> "_PERCENT" [ label="" ]
"_ENDIF" [ fillcolor="white" label="_ENDIF" ]
"_PERCENT _ENDIF" -> "_ENDIF" [ label="" ]
"','" [ fillcolor="white" label="','" ]
"_EOF"
"_EOF" -> "','" [ label="" ]
"_EOF" [ fillcolor="white" label="_EOF" ]
"ENDIF" -> "_EOF" [ label="" ]
"_CARET"
"_CARET" -> "'^'" [ label="" ]
"'\\'" [ fillcolor="white" label="'\\'" ]
"_BS" -> "'\\'" [ label="" ]
"[abEeflnrst^\\,꞉0]" [ fillcolor="white" label="\[abEeflnrst^\\,꞉0\]" ]
"_ALLOWED_BS" -> "[abEeflnrst^\\,꞉0]" [ label="" ]
"_DIGIT _DIGIT _DIGIT" [ fillcolor="white" label="_DIGIT _DIGIT _DIGIT" ]
"_ALLOWED_BS" -> "_DIGIT _DIGIT _DIGIT" [ label="" ]
"_DIGIT _DIGIT _DIGIT" -> "_DIGIT" [ label="" ]
"_DIGIT _DIGIT _DIGIT" -> "_DIGIT" [ label="" ]
"_DIGIT _DIGIT _DIGIT" -> "_DIGIT" [ label="" ]
"[@A-Z[\\]^_ ?]" [ fillcolor="white" label="\[@A-Z\[\\]^_ ?\]" ]
"_C0_AND_DEL"
"_C0_AND_DEL" -> "[@A-Z[\\]^_ ?]" [ label="" ]
"_CARET _C0_AND_DEL" [ fillcolor="white" label="_CARET _C0_AND_DEL" ]
"ESCAPED_CHARACTER" -> "_CARET _C0_AND_DEL" [ label="" ]
"_CARET" [ fillcolor="white" label="_CARET" ]
"_CARET _C0_AND_DEL" -> "_CARET" [ label="" ]
"_C0_AND_DEL" [ fillcolor="white" label="_C0_AND_DEL" ]
"_CARET _C0_AND_DEL" -> "_C0_AND_DEL" [ label="" ]
"ESCAPED_CHARACTER" -> "_BS _ALLOWED_BS" [ label="" ]
"_BS _ALLOWED_BS" -> "_BS" [ label="" ]
"_BS _ALLOWED_BS" -> "_ALLOWED_BS" [ label="" ]
"[\\p{MarpaX꞉꞉Database꞉꞉Terminfo꞉꞉Grammar꞉꞉CharacterClasses꞉꞉InIsPrintExceptComma}]" [ fillcolor="white" label="\[\\p{MarpaX꞉꞉Database꞉꞉Terminfo꞉꞉Grammar꞉꞉CharacterClasses꞉꞉InIsPrintExceptComma}\]" ]
"INISPRINTEXCEPTCOMMA" -> "[\\p{MarpaX꞉꞉Database꞉꞉Terminfo꞉꞉Grammar꞉꞉CharacterClasses꞉꞉InIsPrintExceptComma}]" [ label="" ]
"EOF" -> "_EOF" [ label="" ]
}
Wrote html/termcap.info.svg. Size: 164286 bytes
